CRITICAL - 2022-05-25 14:45:14 --> Invalid file: pages/main.php
#0 C:\xampp\htdocs\almacen\system\View\View.php(198): CodeIgniter\Exceptions\FrameworkException::forInvalidFile('pages/main.php')
#1 C:\xampp\htdocs\almacen\system\Common.php(1089): CodeIgniter\View\View->render('pages/main.php', Array, true)
#2 C:\xampp\htdocs\almacen\app\Controllers\Dash.php(9): view('pages/main.php')
#3 C:\xampp\htdocs\almacen\system\CodeIgniter.php(832): App\Controllers\Dash->index()
#4 C:\xampp\htdocs\almacen\system\CodeIgniter.php(419): CodeIgniter\CodeIgniter->runController(Object(App\Controllers\Dash))
#5 C:\xampp\htdocs\almacen\system\CodeIgniter.php(326): CodeIgniter\CodeIgniter->handleRequest(NULL, Object(Config\Cache), false)
#6 C:\xampp\htdocs\almacen\public\index.php(37): CodeIgniter\CodeIgniter->run()
#7 {main}
CRITICAL - 2022-05-25 14:46:29 --> Invalid file: pages/main.php
#0 C:\xampp\htdocs\almacen\system\View\View.php(198): CodeIgniter\Exceptions\FrameworkException::forInvalidFile('pages/main.php')
#1 C:\xampp\htdocs\almacen\system\Common.php(1089): CodeIgniter\View\View->render('pages/main.php', Array, true)
#2 C:\xampp\htdocs\almacen\app\Controllers\Dash.php(9): view('pages/main.php')
#3 C:\xampp\htdocs\almacen\system\CodeIgniter.php(832): App\Controllers\Dash->index()
#4 C:\xampp\htdocs\almacen\system\CodeIgniter.php(419): CodeIgniter\CodeIgniter->runController(Object(App\Controllers\Dash))
#5 C:\xampp\htdocs\almacen\system\CodeIgniter.php(326): CodeIgniter\CodeIgniter->handleRequest(NULL, Object(Config\Cache), false)
#6 C:\xampp\htdocs\almacen\public\index.php(37): CodeIgniter\CodeIgniter->run()
#7 {main}
CRITICAL - 2022-05-25 14:47:35 --> Invalid file: pages/main.php
#0 C:\xampp\htdocs\almacen\system\View\View.php(198): CodeIgniter\Exceptions\FrameworkException::forInvalidFile('pages/main.php')
#1 C:\xampp\htdocs\almacen\system\Common.php(1089): CodeIgniter\View\View->render('pages/main', Array, true)
#2 C:\xampp\htdocs\almacen\app\Controllers\Dash.php(9): view('pages/main')
#3 C:\xampp\htdocs\almacen\system\CodeIgniter.php(832): App\Controllers\Dash->index()
#4 C:\xampp\htdocs\almacen\system\CodeIgniter.php(419): CodeIgniter\CodeIgniter->runController(Object(App\Controllers\Dash))
#5 C:\xampp\htdocs\almacen\system\CodeIgniter.php(326): CodeIgniter\CodeIgniter->handleRequest(NULL, Object(Config\Cache), false)
#6 C:\xampp\htdocs\almacen\public\index.php(37): CodeIgniter\CodeIgniter->run()
#7 {main}
CRITICAL - 2022-05-25 18:18:43 --> Invalid file: pages/venta.php
#0 C:\xampp\htdocs\almacen\system\View\View.php(198): CodeIgniter\Exceptions\FrameworkException::forInvalidFile('pages/venta.php')
#1 C:\xampp\htdocs\almacen\system\Common.php(1089): CodeIgniter\View\View->render('pages/venta', Array, true)
#2 C:\xampp\htdocs\almacen\app\Controllers\Dash.php(29): view('pages/venta')
#3 C:\xampp\htdocs\almacen\system\CodeIgniter.php(832): App\Controllers\Dash->venta_libros()
#4 C:\xampp\htdocs\almacen\system\CodeIgniter.php(419): CodeIgniter\CodeIgniter->runController(Object(App\Controllers\Dash))
#5 C:\xampp\htdocs\almacen\system\CodeIgniter.php(326): CodeIgniter\CodeIgniter->handleRequest(NULL, Object(Config\Cache), false)
#6 C:\xampp\htdocs\almacen\public\index.php(37): CodeIgniter\CodeIgniter->run()
#7 {main}
CRITICAL - 2022-05-25 18:18:44 --> Invalid file: pages/venta.php
#0 C:\xampp\htdocs\almacen\system\View\View.php(198): CodeIgniter\Exceptions\FrameworkException::forInvalidFile('pages/venta.php')
#1 C:\xampp\htdocs\almacen\system\Common.php(1089): CodeIgniter\View\View->render('pages/venta', Array, true)
#2 C:\xampp\htdocs\almacen\app\Controllers\Dash.php(29): view('pages/venta')
#3 C:\xampp\htdocs\almacen\system\CodeIgniter.php(832): App\Controllers\Dash->venta_libros()
#4 C:\xampp\htdocs\almacen\system\CodeIgniter.php(419): CodeIgniter\CodeIgniter->runController(Object(App\Controllers\Dash))
#5 C:\xampp\htdocs\almacen\system\CodeIgniter.php(326): CodeIgniter\CodeIgniter->handleRequest(NULL, Object(Config\Cache), false)
#6 C:\xampp\htdocs\almacen\public\index.php(37): CodeIgniter\CodeIgniter->run()
#7 {main}
CRITICAL - 2022-05-25 18:19:36 --> Invalid file: pages/venta.php
#0 C:\xampp\htdocs\almacen\system\View\View.php(198): CodeIgniter\Exceptions\FrameworkException::forInvalidFile('pages/venta.php')
#1 C:\xampp\htdocs\almacen\system\Common.php(1089): CodeIgniter\View\View->render('pages/venta', Array, true)
#2 C:\xampp\htdocs\almacen\app\Controllers\Dash.php(29): view('pages/venta')
#3 C:\xampp\htdocs\almacen\system\CodeIgniter.php(832): App\Controllers\Dash->venta_libros()
#4 C:\xampp\htdocs\almacen\system\CodeIgniter.php(419): CodeIgniter\CodeIgniter->runController(Object(App\Controllers\Dash))
#5 C:\xampp\htdocs\almacen\system\CodeIgniter.php(326): CodeIgniter\CodeIgniter->handleRequest(NULL, Object(Config\Cache), false)
#6 C:\xampp\htdocs\almacen\public\index.php(37): CodeIgniter\CodeIgniter->run()
#7 {main}
