ERROR - 2022-06-23 13:28:52 --> Cannot add or update a child row: a foreign key constraint fails (`db_almacen`.`op_historial_libroestudiante`, CONSTRAINT `fk_op_historial_libroestudiante_tb_estudiante_1` FOREIGN KEY (`fk_estudiante`) REFERENCES `tb_estudiante` (`id`))
ERROR - 2022-06-23 13:38:01 --> Cannot add or update a child row: a foreign key constraint fails (`db_almacen`.`op_historial_libroestudiante`, CONSTRAINT `fk_op_historial_libroestudiante_tb_estudiante_1` FOREIGN KEY (`fk_estudiante`) REFERENCES `tb_estudiante` (`id`))
ERROR - 2022-06-23 20:21:03 --> Cannot add or update a child row: a foreign key constraint fails (`db_almacen`.`op_historial_libroestudiante`, CONSTRAINT `fk_op_historial_libroestudiante_tb_estudiante_1` FOREIGN KEY (`fk_estudiante`) REFERENCES `tb_estudiante` (`id`))
ERROR - 2022-06-23 20:21:32 --> Cannot add or update a child row: a foreign key constraint fails (`db_almacen`.`op_historial_libroestudiante`, CONSTRAINT `fk_op_historial_libroestudiante_tb_estudiante_1` FOREIGN KEY (`fk_estudiante`) REFERENCES `tb_estudiante` (`id`))
CRITICAL - 2022-06-23 20:43:00 --> syntax error, unexpected token "}"
#0 C:\xampp\htdocs\almacen\system\Autoloader\Autoloader.php(241): CodeIgniter\Autoloader\Autoloader->includeFile('C:\\xampp\\htdocs...')
#1 C:\xampp\htdocs\almacen\system\Autoloader\Autoloader.php(219): CodeIgniter\Autoloader\Autoloader->loadInNamespace('App\\Controllers...')
#2 [internal function]: CodeIgniter\Autoloader\Autoloader->loadClass('App\\Controllers...')
#3 C:\xampp\htdocs\almacen\system\CodeIgniter.php(797): class_exists('\\App\\Controller...', true)
#4 C:\xampp\htdocs\almacen\system\CodeIgniter.php(406): CodeIgniter\CodeIgniter->startController()
#5 C:\xampp\htdocs\almacen\system\CodeIgniter.php(326): CodeIgniter\CodeIgniter->handleRequest(NULL, Object(Config\Cache), false)
#6 C:\xampp\htdocs\almacen\public\index.php(37): CodeIgniter\CodeIgniter->run()
#7 {main}
CRITICAL - 2022-06-23 20:45:10 --> syntax error, unexpected token "}"
#0 C:\xampp\htdocs\almacen\system\Autoloader\Autoloader.php(241): CodeIgniter\Autoloader\Autoloader->includeFile('C:\\xampp\\htdocs...')
#1 C:\xampp\htdocs\almacen\system\Autoloader\Autoloader.php(219): CodeIgniter\Autoloader\Autoloader->loadInNamespace('App\\Controllers...')
#2 [internal function]: CodeIgniter\Autoloader\Autoloader->loadClass('App\\Controllers...')
#3 C:\xampp\htdocs\almacen\system\CodeIgniter.php(797): class_exists('\\App\\Controller...', true)
#4 C:\xampp\htdocs\almacen\system\CodeIgniter.php(406): CodeIgniter\CodeIgniter->startController()
#5 C:\xampp\htdocs\almacen\system\CodeIgniter.php(326): CodeIgniter\CodeIgniter->handleRequest(NULL, Object(Config\Cache), false)
#6 C:\xampp\htdocs\almacen\public\index.php(37): CodeIgniter\CodeIgniter->run()
#7 {main}
CRITICAL - 2022-06-23 20:45:31 --> Undefined constant "App\Controllers\id"
#0 C:\xampp\htdocs\almacen\system\CodeIgniter.php(832): App\Controllers\Entrega->id_ci()
#1 C:\xampp\htdocs\almacen\system\CodeIgniter.php(419): CodeIgniter\CodeIgniter->runController(Object(App\Controllers\Entrega))
#2 C:\xampp\htdocs\almacen\system\CodeIgniter.php(326): CodeIgniter\CodeIgniter->handleRequest(NULL, Object(Config\Cache), false)
#3 C:\xampp\htdocs\almacen\public\index.php(37): CodeIgniter\CodeIgniter->run()
#4 {main}
CRITICAL - 2022-06-23 20:55:54 --> Undefined variable $ciID
#0 C:\xampp\htdocs\almacen\app\Controllers\Entrega.php(77): CodeIgniter\Debug\Exceptions->errorHandler(2, 'Undefined varia...', 'C:\\xampp\\htdocs...', 77)
#1 C:\xampp\htdocs\almacen\system\CodeIgniter.php(832): App\Controllers\Entrega->id_ci()
#2 C:\xampp\htdocs\almacen\system\CodeIgniter.php(419): CodeIgniter\CodeIgniter->runController(Object(App\Controllers\Entrega))
#3 C:\xampp\htdocs\almacen\system\CodeIgniter.php(326): CodeIgniter\CodeIgniter->handleRequest(NULL, Object(Config\Cache), false)
#4 C:\xampp\htdocs\almacen\public\index.php(37): CodeIgniter\CodeIgniter->run()
#5 {main}
CRITICAL - 2022-06-23 20:56:16 --> Undefined variable $ciID
#0 C:\xampp\htdocs\almacen\app\Controllers\Entrega.php(77): CodeIgniter\Debug\Exceptions->errorHandler(2, 'Undefined varia...', 'C:\\xampp\\htdocs...', 77)
#1 C:\xampp\htdocs\almacen\system\CodeIgniter.php(832): App\Controllers\Entrega->id_ci()
#2 C:\xampp\htdocs\almacen\system\CodeIgniter.php(419): CodeIgniter\CodeIgniter->runController(Object(App\Controllers\Entrega))
#3 C:\xampp\htdocs\almacen\system\CodeIgniter.php(326): CodeIgniter\CodeIgniter->handleRequest(NULL, Object(Config\Cache), false)
#4 C:\xampp\htdocs\almacen\public\index.php(37): CodeIgniter\CodeIgniter->run()
#5 {main}
CRITICAL - 2022-06-23 21:02:35 --> Undefined variable $ci
#0 C:\xampp\htdocs\almacen\app\Controllers\Entrega.php(77): CodeIgniter\Debug\Exceptions->errorHandler(2, 'Undefined varia...', 'C:\\xampp\\htdocs...', 77)
#1 C:\xampp\htdocs\almacen\system\CodeIgniter.php(832): App\Controllers\Entrega->id_ci()
#2 C:\xampp\htdocs\almacen\system\CodeIgniter.php(419): CodeIgniter\CodeIgniter->runController(Object(App\Controllers\Entrega))
#3 C:\xampp\htdocs\almacen\system\CodeIgniter.php(326): CodeIgniter\CodeIgniter->handleRequest(NULL, Object(Config\Cache), false)
#4 C:\xampp\htdocs\almacen\public\index.php(37): CodeIgniter\CodeIgniter->run()
#5 {main}
CRITICAL - 2022-06-23 21:02:53 --> Undefined variable $ci
#0 C:\xampp\htdocs\almacen\app\Controllers\Entrega.php(77): CodeIgniter\Debug\Exceptions->errorHandler(2, 'Undefined varia...', 'C:\\xampp\\htdocs...', 77)
#1 C:\xampp\htdocs\almacen\system\CodeIgniter.php(832): App\Controllers\Entrega->id_ci()
#2 C:\xampp\htdocs\almacen\system\CodeIgniter.php(419): CodeIgniter\CodeIgniter->runController(Object(App\Controllers\Entrega))
#3 C:\xampp\htdocs\almacen\system\CodeIgniter.php(326): CodeIgniter\CodeIgniter->handleRequest(NULL, Object(Config\Cache), false)
#4 C:\xampp\htdocs\almacen\public\index.php(37): CodeIgniter\CodeIgniter->run()
#5 {main}
CRITICAL - 2022-06-23 21:09:25 --> Undefined variable $id_student
#0 C:\xampp\htdocs\almacen\app\Controllers\Entrega.php(77): CodeIgniter\Debug\Exceptions->errorHandler(2, 'Undefined varia...', 'C:\\xampp\\htdocs...', 77)
#1 C:\xampp\htdocs\almacen\system\CodeIgniter.php(832): App\Controllers\Entrega->id_ci()
#2 C:\xampp\htdocs\almacen\system\CodeIgniter.php(419): CodeIgniter\CodeIgniter->runController(Object(App\Controllers\Entrega))
#3 C:\xampp\htdocs\almacen\system\CodeIgniter.php(326): CodeIgniter\CodeIgniter->handleRequest(NULL, Object(Config\Cache), false)
#4 C:\xampp\htdocs\almacen\public\index.php(37): CodeIgniter\CodeIgniter->run()
#5 {main}
CRITICAL - 2022-06-23 21:10:54 --> Undefined variable $ci
#0 C:\xampp\htdocs\almacen\app\Controllers\Entrega.php(77): CodeIgniter\Debug\Exceptions->errorHandler(2, 'Undefined varia...', 'C:\\xampp\\htdocs...', 77)
#1 C:\xampp\htdocs\almacen\system\CodeIgniter.php(832): App\Controllers\Entrega->id_ci()
#2 C:\xampp\htdocs\almacen\system\CodeIgniter.php(419): CodeIgniter\CodeIgniter->runController(Object(App\Controllers\Entrega))
#3 C:\xampp\htdocs\almacen\system\CodeIgniter.php(326): CodeIgniter\CodeIgniter->handleRequest(NULL, Object(Config\Cache), false)
#4 C:\xampp\htdocs\almacen\public\index.php(37): CodeIgniter\CodeIgniter->run()
#5 {main}
CRITICAL - 2022-06-23 21:24:05 --> Trying to access array offset on value of type null
#0 C:\xampp\htdocs\almacen\app\Controllers\Entrega.php(79): CodeIgniter\Debug\Exceptions->errorHandler(2, 'Trying to acces...', 'C:\\xampp\\htdocs...', 79)
#1 C:\xampp\htdocs\almacen\system\CodeIgniter.php(832): App\Controllers\Entrega->id_ci()
#2 C:\xampp\htdocs\almacen\system\CodeIgniter.php(419): CodeIgniter\CodeIgniter->runController(Object(App\Controllers\Entrega))
#3 C:\xampp\htdocs\almacen\system\CodeIgniter.php(326): CodeIgniter\CodeIgniter->handleRequest(NULL, Object(Config\Cache), false)
#4 C:\xampp\htdocs\almacen\public\index.php(37): CodeIgniter\CodeIgniter->run()
#5 {main}
CRITICAL - 2022-06-23 21:24:07 --> Trying to access array offset on value of type null
#0 C:\xampp\htdocs\almacen\app\Controllers\Entrega.php(79): CodeIgniter\Debug\Exceptions->errorHandler(2, 'Trying to acces...', 'C:\\xampp\\htdocs...', 79)
#1 C:\xampp\htdocs\almacen\system\CodeIgniter.php(832): App\Controllers\Entrega->id_ci()
#2 C:\xampp\htdocs\almacen\system\CodeIgniter.php(419): CodeIgniter\CodeIgniter->runController(Object(App\Controllers\Entrega))
#3 C:\xampp\htdocs\almacen\system\CodeIgniter.php(326): CodeIgniter\CodeIgniter->handleRequest(NULL, Object(Config\Cache), false)
#4 C:\xampp\htdocs\almacen\public\index.php(37): CodeIgniter\CodeIgniter->run()
#5 {main}
CRITICAL - 2022-06-23 21:44:05 --> Trying to access array offset on value of type null
#0 C:\xampp\htdocs\almacen\app\Controllers\Entrega.php(79): CodeIgniter\Debug\Exceptions->errorHandler(2, 'Trying to acces...', 'C:\\xampp\\htdocs...', 79)
#1 C:\xampp\htdocs\almacen\system\CodeIgniter.php(832): App\Controllers\Entrega->id_ci()
#2 C:\xampp\htdocs\almacen\system\CodeIgniter.php(419): CodeIgniter\CodeIgniter->runController(Object(App\Controllers\Entrega))
#3 C:\xampp\htdocs\almacen\system\CodeIgniter.php(326): CodeIgniter\CodeIgniter->handleRequest(NULL, Object(Config\Cache), false)
#4 C:\xampp\htdocs\almacen\public\index.php(37): CodeIgniter\CodeIgniter->run()
#5 {main}
CRITICAL - 2022-06-23 22:11:39 --> Trying to access array offset on value of type null
#0 C:\xampp\htdocs\almacen\app\Controllers\Entrega.php(79): CodeIgniter\Debug\Exceptions->errorHandler(2, 'Trying to acces...', 'C:\\xampp\\htdocs...', 79)
#1 C:\xampp\htdocs\almacen\system\CodeIgniter.php(832): App\Controllers\Entrega->id_ci()
#2 C:\xampp\htdocs\almacen\system\CodeIgniter.php(419): CodeIgniter\CodeIgniter->runController(Object(App\Controllers\Entrega))
#3 C:\xampp\htdocs\almacen\system\CodeIgniter.php(326): CodeIgniter\CodeIgniter->handleRequest(NULL, Object(Config\Cache), false)
#4 C:\xampp\htdocs\almacen\public\index.php(37): CodeIgniter\CodeIgniter->run()
#5 {main}
ERROR - 2022-06-23 22:43:03 --> Cannot delete or update a parent row: a foreign key constraint fails (`db_almacen`.`op_historial_libroestudiante`, CONSTRAINT `fk_op_historial_libroestudiante_tb_estudiante_1` FOREIGN KEY (`fk_estudiante`) REFERENCES `tb_estudiante` (`id`))
ERROR - 2022-06-23 22:43:11 --> Cannot delete or update a parent row: a foreign key constraint fails (`db_almacen`.`op_historial_libroestudiante`, CONSTRAINT `fk_op_historial_libroestudiante_tb_estudiante_1` FOREIGN KEY (`fk_estudiante`) REFERENCES `tb_estudiante` (`id`))
ERROR - 2022-06-23 22:43:11 --> Cannot delete or update a parent row: a foreign key constraint fails (`db_almacen`.`op_historial_libroestudiante`, CONSTRAINT `fk_op_historial_libroestudiante_tb_estudiante_1` FOREIGN KEY (`fk_estudiante`) REFERENCES `tb_estudiante` (`id`))
ERROR - 2022-06-23 22:43:11 --> Cannot delete or update a parent row: a foreign key constraint fails (`db_almacen`.`op_historial_libroestudiante`, CONSTRAINT `fk_op_historial_libroestudiante_tb_estudiante_1` FOREIGN KEY (`fk_estudiante`) REFERENCES `tb_estudiante` (`id`))
ERROR - 2022-06-23 22:43:11 --> Cannot delete or update a parent row: a foreign key constraint fails (`db_almacen`.`op_historial_libroestudiante`, CONSTRAINT `fk_op_historial_libroestudiante_tb_estudiante_1` FOREIGN KEY (`fk_estudiante`) REFERENCES `tb_estudiante` (`id`))
ERROR - 2022-06-23 22:43:19 --> Cannot delete or update a parent row: a foreign key constraint fails (`db_almacen`.`op_historial_libroestudiante`, CONSTRAINT `fk_op_historial_libroestudiante_tb_estudiante_1` FOREIGN KEY (`fk_estudiante`) REFERENCES `tb_estudiante` (`id`))
ERROR - 2022-06-23 22:43:25 --> Cannot delete or update a parent row: a foreign key constraint fails (`db_almacen`.`op_historial_libroestudiante`, CONSTRAINT `fk_op_historial_libroestudiante_tb_estudiante_1` FOREIGN KEY (`fk_estudiante`) REFERENCES `tb_estudiante` (`id`))
ERROR - 2022-06-23 22:43:30 --> Cannot delete or update a parent row: a foreign key constraint fails (`db_almacen`.`op_historial_libroestudiante`, CONSTRAINT `fk_op_historial_libroestudiante_tb_estudiante_1` FOREIGN KEY (`fk_estudiante`) REFERENCES `tb_estudiante` (`id`))
ERROR - 2022-06-23 22:43:39 --> Cannot delete or update a parent row: a foreign key constraint fails (`db_almacen`.`op_historial_libroestudiante`, CONSTRAINT `fk_op_historial_libroestudiante_tb_estudiante_1` FOREIGN KEY (`fk_estudiante`) REFERENCES `tb_estudiante` (`id`))
ERROR - 2022-06-23 22:43:48 --> Cannot delete or update a parent row: a foreign key constraint fails (`db_almacen`.`op_historial_libroestudiante`, CONSTRAINT `fk_op_historial_libroestudiante_tb_estudiante_1` FOREIGN KEY (`fk_estudiante`) REFERENCES `tb_estudiante` (`id`))
ERROR - 2022-06-23 22:44:35 --> Cannot delete or update a parent row: a foreign key constraint fails (`db_almacen`.`op_historial_libroestudiante`, CONSTRAINT `fk_op_historial_libroestudiante_tb_estudiante_1` FOREIGN KEY (`fk_estudiante`) REFERENCES `tb_estudiante` (`id`))
ERROR - 2022-06-23 22:44:45 --> Cannot delete or update a parent row: a foreign key constraint fails (`db_almacen`.`op_historial_libroestudiante`, CONSTRAINT `fk_op_historial_libroestudiante_tb_libro_1` FOREIGN KEY (`fk_libro`) REFERENCES `tb_libro` (`id`))
ERROR - 2022-06-23 22:44:50 --> Cannot delete or update a parent row: a foreign key constraint fails (`db_almacen`.`op_historial_libroestudiante`, CONSTRAINT `fk_op_historial_libroestudiante_tb_libro_1` FOREIGN KEY (`fk_libro`) REFERENCES `tb_libro` (`id`))
