CRITICAL - 2022-06-02 12:15:03 --> foreach() argument must be of type array|object, null given
#0 C:\xampp\htdocs\almacen\app\Controllers\Dash.php(61): CodeIgniter\Debug\Exceptions->errorHandler(2, 'foreach() argum...', 'C:\\xampp\\htdocs...', 61)
#1 C:\xampp\htdocs\almacen\system\CodeIgniter.php(832): App\Controllers\Dash->list_student()
#2 C:\xampp\htdocs\almacen\system\CodeIgniter.php(419): CodeIgniter\CodeIgniter->runController(Object(App\Controllers\Dash))
#3 C:\xampp\htdocs\almacen\system\CodeIgniter.php(326): CodeIgniter\CodeIgniter->handleRequest(NULL, Object(Config\Cache), false)
#4 C:\xampp\htdocs\almacen\public\index.php(37): CodeIgniter\CodeIgniter->run()
#5 {main}
CRITICAL - 2022-06-02 12:15:23 --> foreach() argument must be of type array|object, null given
#0 C:\xampp\htdocs\almacen\app\Controllers\Dash.php(61): CodeIgniter\Debug\Exceptions->errorHandler(2, 'foreach() argum...', 'C:\\xampp\\htdocs...', 61)
#1 C:\xampp\htdocs\almacen\system\CodeIgniter.php(832): App\Controllers\Dash->list_student()
#2 C:\xampp\htdocs\almacen\system\CodeIgniter.php(419): CodeIgniter\CodeIgniter->runController(Object(App\Controllers\Dash))
#3 C:\xampp\htdocs\almacen\system\CodeIgniter.php(326): CodeIgniter\CodeIgniter->handleRequest(NULL, Object(Config\Cache), false)
#4 C:\xampp\htdocs\almacen\public\index.php(37): CodeIgniter\CodeIgniter->run()
#5 {main}
CRITICAL - 2022-06-02 12:18:33 --> foreach() argument must be of type array|object, null given
#0 C:\xampp\htdocs\almacen\app\Controllers\Dash.php(61): CodeIgniter\Debug\Exceptions->errorHandler(2, 'foreach() argum...', 'C:\\xampp\\htdocs...', 61)
#1 C:\xampp\htdocs\almacen\system\CodeIgniter.php(832): App\Controllers\Dash->list_student()
#2 C:\xampp\htdocs\almacen\system\CodeIgniter.php(419): CodeIgniter\CodeIgniter->runController(Object(App\Controllers\Dash))
#3 C:\xampp\htdocs\almacen\system\CodeIgniter.php(326): CodeIgniter\CodeIgniter->handleRequest(NULL, Object(Config\Cache), false)
#4 C:\xampp\htdocs\almacen\public\index.php(37): CodeIgniter\CodeIgniter->run()
#5 {main}
CRITICAL - 2022-06-02 12:24:16 --> foreach() argument must be of type array|object, null given
#0 C:\xampp\htdocs\almacen\app\Controllers\Dash.php(61): CodeIgniter\Debug\Exceptions->errorHandler(2, 'foreach() argum...', 'C:\\xampp\\htdocs...', 61)
#1 C:\xampp\htdocs\almacen\system\CodeIgniter.php(832): App\Controllers\Dash->list_student()
#2 C:\xampp\htdocs\almacen\system\CodeIgniter.php(419): CodeIgniter\CodeIgniter->runController(Object(App\Controllers\Dash))
#3 C:\xampp\htdocs\almacen\system\CodeIgniter.php(326): CodeIgniter\CodeIgniter->handleRequest(NULL, Object(Config\Cache), false)
#4 C:\xampp\htdocs\almacen\public\index.php(37): CodeIgniter\CodeIgniter->run()
#5 {main}
CRITICAL - 2022-06-02 12:25:38 --> foreach() argument must be of type array|object, null given
#0 C:\xampp\htdocs\almacen\app\Controllers\Dash.php(61): CodeIgniter\Debug\Exceptions->errorHandler(2, 'foreach() argum...', 'C:\\xampp\\htdocs...', 61)
#1 C:\xampp\htdocs\almacen\system\CodeIgniter.php(832): App\Controllers\Dash->list_student()
#2 C:\xampp\htdocs\almacen\system\CodeIgniter.php(419): CodeIgniter\CodeIgniter->runController(Object(App\Controllers\Dash))
#3 C:\xampp\htdocs\almacen\system\CodeIgniter.php(326): CodeIgniter\CodeIgniter->handleRequest(NULL, Object(Config\Cache), false)
#4 C:\xampp\htdocs\almacen\public\index.php(37): CodeIgniter\CodeIgniter->run()
#5 {main}
CRITICAL - 2022-06-02 12:27:09 --> foreach() argument must be of type array|object, null given
#0 C:\xampp\htdocs\almacen\app\Controllers\Dash.php(61): CodeIgniter\Debug\Exceptions->errorHandler(2, 'foreach() argum...', 'C:\\xampp\\htdocs...', 61)
#1 C:\xampp\htdocs\almacen\system\CodeIgniter.php(832): App\Controllers\Dash->list_student()
#2 C:\xampp\htdocs\almacen\system\CodeIgniter.php(419): CodeIgniter\CodeIgniter->runController(Object(App\Controllers\Dash))
#3 C:\xampp\htdocs\almacen\system\CodeIgniter.php(326): CodeIgniter\CodeIgniter->handleRequest(NULL, Object(Config\Cache), false)
#4 C:\xampp\htdocs\almacen\public\index.php(37): CodeIgniter\CodeIgniter->run()
#5 {main}
CRITICAL - 2022-06-02 12:27:22 --> foreach() argument must be of type array|object, null given
#0 C:\xampp\htdocs\almacen\app\Controllers\Dash.php(61): CodeIgniter\Debug\Exceptions->errorHandler(2, 'foreach() argum...', 'C:\\xampp\\htdocs...', 61)
#1 C:\xampp\htdocs\almacen\system\CodeIgniter.php(832): App\Controllers\Dash->list_student()
#2 C:\xampp\htdocs\almacen\system\CodeIgniter.php(419): CodeIgniter\CodeIgniter->runController(Object(App\Controllers\Dash))
#3 C:\xampp\htdocs\almacen\system\CodeIgniter.php(326): CodeIgniter\CodeIgniter->handleRequest(NULL, Object(Config\Cache), false)
#4 C:\xampp\htdocs\almacen\public\index.php(37): CodeIgniter\CodeIgniter->run()
#5 {main}
CRITICAL - 2022-06-02 12:29:13 --> foreach() argument must be of type array|object, null given
#0 C:\xampp\htdocs\almacen\app\Controllers\Dash.php(61): CodeIgniter\Debug\Exceptions->errorHandler(2, 'foreach() argum...', 'C:\\xampp\\htdocs...', 61)
#1 C:\xampp\htdocs\almacen\system\CodeIgniter.php(832): App\Controllers\Dash->list_student()
#2 C:\xampp\htdocs\almacen\system\CodeIgniter.php(419): CodeIgniter\CodeIgniter->runController(Object(App\Controllers\Dash))
#3 C:\xampp\htdocs\almacen\system\CodeIgniter.php(326): CodeIgniter\CodeIgniter->handleRequest(NULL, Object(Config\Cache), false)
#4 C:\xampp\htdocs\almacen\public\index.php(37): CodeIgniter\CodeIgniter->run()
#5 {main}
CRITICAL - 2022-06-02 12:34:12 --> Undefined array key "funcion"
#0 C:\xampp\htdocs\almacen\app\Controllers\Dash.php(58): CodeIgniter\Debug\Exceptions->errorHandler(2, 'Undefined array...', 'C:\\xampp\\htdocs...', 58)
#1 C:\xampp\htdocs\almacen\system\CodeIgniter.php(832): App\Controllers\Dash->list_student()
#2 C:\xampp\htdocs\almacen\system\CodeIgniter.php(419): CodeIgniter\CodeIgniter->runController(Object(App\Controllers\Dash))
#3 C:\xampp\htdocs\almacen\system\CodeIgniter.php(326): CodeIgniter\CodeIgniter->handleRequest(NULL, Object(Config\Cache), false)
#4 C:\xampp\htdocs\almacen\public\index.php(37): CodeIgniter\CodeIgniter->run()
#5 {main}
CRITICAL - 2022-06-02 12:34:46 --> Undefined array key "funcion"
#0 C:\xampp\htdocs\almacen\app\Controllers\Dash.php(58): CodeIgniter\Debug\Exceptions->errorHandler(2, 'Undefined array...', 'C:\\xampp\\htdocs...', 58)
#1 C:\xampp\htdocs\almacen\system\CodeIgniter.php(832): App\Controllers\Dash->list_student()
#2 C:\xampp\htdocs\almacen\system\CodeIgniter.php(419): CodeIgniter\CodeIgniter->runController(Object(App\Controllers\Dash))
#3 C:\xampp\htdocs\almacen\system\CodeIgniter.php(326): CodeIgniter\CodeIgniter->handleRequest(NULL, Object(Config\Cache), false)
#4 C:\xampp\htdocs\almacen\public\index.php(37): CodeIgniter\CodeIgniter->run()
#5 {main}
CRITICAL - 2022-06-02 12:34:50 --> foreach() argument must be of type array|object, null given
#0 C:\xampp\htdocs\almacen\app\Controllers\Dash.php(61): CodeIgniter\Debug\Exceptions->errorHandler(2, 'foreach() argum...', 'C:\\xampp\\htdocs...', 61)
#1 C:\xampp\htdocs\almacen\system\CodeIgniter.php(832): App\Controllers\Dash->list_student()
#2 C:\xampp\htdocs\almacen\system\CodeIgniter.php(419): CodeIgniter\CodeIgniter->runController(Object(App\Controllers\Dash))
#3 C:\xampp\htdocs\almacen\system\CodeIgniter.php(326): CodeIgniter\CodeIgniter->handleRequest(NULL, Object(Config\Cache), false)
#4 C:\xampp\htdocs\almacen\public\index.php(37): CodeIgniter\CodeIgniter->run()
#5 {main}
CRITICAL - 2022-06-02 12:36:33 --> Call to undefined function App\Controllers\listar_stud()
#0 C:\xampp\htdocs\almacen\system\CodeIgniter.php(832): App\Controllers\Dash->list_student()
#1 C:\xampp\htdocs\almacen\system\CodeIgniter.php(419): CodeIgniter\CodeIgniter->runController(Object(App\Controllers\Dash))
#2 C:\xampp\htdocs\almacen\system\CodeIgniter.php(326): CodeIgniter\CodeIgniter->handleRequest(NULL, Object(Config\Cache), false)
#3 C:\xampp\htdocs\almacen\public\index.php(37): CodeIgniter\CodeIgniter->run()
#4 {main}
CRITICAL - 2022-06-02 12:36:46 --> Call to undefined function App\Controllers\listar_stud()
#0 C:\xampp\htdocs\almacen\system\CodeIgniter.php(832): App\Controllers\Dash->list_student()
#1 C:\xampp\htdocs\almacen\system\CodeIgniter.php(419): CodeIgniter\CodeIgniter->runController(Object(App\Controllers\Dash))
#2 C:\xampp\htdocs\almacen\system\CodeIgniter.php(326): CodeIgniter\CodeIgniter->handleRequest(NULL, Object(Config\Cache), false)
#3 C:\xampp\htdocs\almacen\public\index.php(37): CodeIgniter\CodeIgniter->run()
#4 {main}
