ERROR - 2022-06-18 09:51:23 --> Unknown column 'status' in 'where clause'
CRITICAL - 2022-06-18 09:51:23 --> Call to a member function getNumRows() on bool
#0 C:\xampp\htdocs\almacen\system\CodeIgniter.php(832): App\Controllers\Entrega->save_entrega()
#1 C:\xampp\htdocs\almacen\system\CodeIgniter.php(419): CodeIgniter\CodeIgniter->runController(Object(App\Controllers\Entrega))
#2 C:\xampp\htdocs\almacen\system\CodeIgniter.php(326): CodeIgniter\CodeIgniter->handleRequest(NULL, Object(Config\Cache), false)
#3 C:\xampp\htdocs\almacen\public\index.php(37): CodeIgniter\CodeIgniter->run()
#4 {main}
ERROR - 2022-06-18 09:51:25 --> Unknown column 'status' in 'where clause'
CRITICAL - 2022-06-18 09:51:25 --> Call to a member function getNumRows() on bool
#0 C:\xampp\htdocs\almacen\system\CodeIgniter.php(832): App\Controllers\Entrega->save_entrega()
#1 C:\xampp\htdocs\almacen\system\CodeIgniter.php(419): CodeIgniter\CodeIgniter->runController(Object(App\Controllers\Entrega))
#2 C:\xampp\htdocs\almacen\system\CodeIgniter.php(326): CodeIgniter\CodeIgniter->handleRequest(NULL, Object(Config\Cache), false)
#3 C:\xampp\htdocs\almacen\public\index.php(37): CodeIgniter\CodeIgniter->run()
#4 {main}
ERROR - 2022-06-18 09:51:33 --> Unknown column 'status' in 'where clause'
CRITICAL - 2022-06-18 09:51:33 --> Call to a member function getNumRows() on bool
#0 C:\xampp\htdocs\almacen\system\CodeIgniter.php(832): App\Controllers\Entrega->save_entrega()
#1 C:\xampp\htdocs\almacen\system\CodeIgniter.php(419): CodeIgniter\CodeIgniter->runController(Object(App\Controllers\Entrega))
#2 C:\xampp\htdocs\almacen\system\CodeIgniter.php(326): CodeIgniter\CodeIgniter->handleRequest(NULL, Object(Config\Cache), false)
#3 C:\xampp\htdocs\almacen\public\index.php(37): CodeIgniter\CodeIgniter->run()
#4 {main}
