ERROR - 2022-06-21 09:54:22 --> Cannot delete or update a parent row: a foreign key constraint fails (`db_almacen`.`op_historial_libroestudiante`, CONSTRAINT `fk_op_historial_libroestudiante_tb_libro_1` FOREIGN KEY (`fk_libro`) REFERENCES `tb_libro` (`id`))
ERROR - 2022-06-21 09:55:20 --> Cannot delete or update a parent row: a foreign key constraint fails (`db_almacen`.`op_historial_libroestudiante`, CONSTRAINT `fk_op_historial_libroestudiante_tb_libro_1` FOREIGN KEY (`fk_libro`) REFERENCES `tb_libro` (`id`))
ERROR - 2022-06-21 09:56:02 --> Cannot delete or update a parent row: a foreign key constraint fails (`db_almacen`.`op_historial_libroestudiante`, CONSTRAINT `fk_op_historial_libroestudiante_tb_libro_1` FOREIGN KEY (`fk_libro`) REFERENCES `tb_libro` (`id`))
ERROR - 2022-06-21 09:56:06 --> Cannot delete or update a parent row: a foreign key constraint fails (`db_almacen`.`op_historial_libroestudiante`, CONSTRAINT `fk_op_historial_libroestudiante_tb_libro_1` FOREIGN KEY (`fk_libro`) REFERENCES `tb_libro` (`id`))
ERROR - 2022-06-21 09:56:37 --> Cannot delete or update a parent row: a foreign key constraint fails (`db_almacen`.`op_historial_libroestudiante`, CONSTRAINT `fk_op_historial_libroestudiante_tb_libro_1` FOREIGN KEY (`fk_libro`) REFERENCES `tb_libro` (`id`))
ERROR - 2022-06-21 09:58:23 --> Cannot delete or update a parent row: a foreign key constraint fails (`db_almacen`.`op_historial_libroestudiante`, CONSTRAINT `fk_op_historial_libroestudiante_tb_libro_1` FOREIGN KEY (`fk_libro`) REFERENCES `tb_libro` (`id`))
ERROR - 2022-06-21 09:58:40 --> Cannot delete or update a parent row: a foreign key constraint fails (`db_almacen`.`op_historial_libroestudiante`, CONSTRAINT `fk_op_historial_libroestudiante_tb_libro_1` FOREIGN KEY (`fk_libro`) REFERENCES `tb_libro` (`id`))
ERROR - 2022-06-21 09:58:46 --> Cannot delete or update a parent row: a foreign key constraint fails (`db_almacen`.`op_historial_libroestudiante`, CONSTRAINT `fk_op_historial_libroestudiante_tb_libro_1` FOREIGN KEY (`fk_libro`) REFERENCES `tb_libro` (`id`))
ERROR - 2022-06-21 09:59:09 --> Cannot delete or update a parent row: a foreign key constraint fails (`db_almacen`.`op_historial_libroestudiante`, CONSTRAINT `fk_op_historial_libroestudiante_tb_libro_1` FOREIGN KEY (`fk_libro`) REFERENCES `tb_libro` (`id`))
ERROR - 2022-06-21 09:59:14 --> Cannot delete or update a parent row: a foreign key constraint fails (`db_almacen`.`op_historial_libroestudiante`, CONSTRAINT `fk_op_historial_libroestudiante_tb_libro_1` FOREIGN KEY (`fk_libro`) REFERENCES `tb_libro` (`id`))
ERROR - 2022-06-21 09:59:47 --> Cannot delete or update a parent row: a foreign key constraint fails (`db_almacen`.`op_historial_libroestudiante`, CONSTRAINT `fk_op_historial_libroestudiante_tb_libro_1` FOREIGN KEY (`fk_libro`) REFERENCES `tb_libro` (`id`))
ERROR - 2022-06-21 09:59:51 --> Cannot delete or update a parent row: a foreign key constraint fails (`db_almacen`.`op_historial_libroestudiante`, CONSTRAINT `fk_op_historial_libroestudiante_tb_libro_1` FOREIGN KEY (`fk_libro`) REFERENCES `tb_libro` (`id`))
ERROR - 2022-06-21 10:00:46 --> Cannot delete or update a parent row: a foreign key constraint fails (`db_almacen`.`op_historial_libroestudiante`, CONSTRAINT `fk_op_historial_libroestudiante_tb_libro_1` FOREIGN KEY (`fk_libro`) REFERENCES `tb_libro` (`id`))
ERROR - 2022-06-21 10:00:49 --> Cannot delete or update a parent row: a foreign key constraint fails (`db_almacen`.`op_historial_libroestudiante`, CONSTRAINT `fk_op_historial_libroestudiante_tb_libro_1` FOREIGN KEY (`fk_libro`) REFERENCES `tb_libro` (`id`))
ERROR - 2022-06-21 11:43:07 --> Cannot delete or update a parent row: a foreign key constraint fails (`db_almacen`.`op_historial_libroestudiante`, CONSTRAINT `fk_op_historial_libroestudiante_tb_libro_1` FOREIGN KEY (`fk_libro`) REFERENCES `tb_libro` (`id`))
ERROR - 2022-06-21 11:43:13 --> Cannot delete or update a parent row: a foreign key constraint fails (`db_almacen`.`op_historial_libroestudiante`, CONSTRAINT `fk_op_historial_libroestudiante_tb_libro_1` FOREIGN KEY (`fk_libro`) REFERENCES `tb_libro` (`id`))
ERROR - 2022-06-21 11:43:26 --> Cannot delete or update a parent row: a foreign key constraint fails (`db_almacen`.`op_historial_libroestudiante`, CONSTRAINT `fk_op_historial_libroestudiante_tb_libro_1` FOREIGN KEY (`fk_libro`) REFERENCES `tb_libro` (`id`))
ERROR - 2022-06-21 11:46:37 --> Cannot delete or update a parent row: a foreign key constraint fails (`db_almacen`.`op_historial_libroestudiante`, CONSTRAINT `fk_op_historial_libroestudiante_tb_libro_1` FOREIGN KEY (`fk_libro`) REFERENCES `tb_libro` (`id`))
ERROR - 2022-06-21 11:46:43 --> Cannot delete or update a parent row: a foreign key constraint fails (`db_almacen`.`op_historial_libroestudiante`, CONSTRAINT `fk_op_historial_libroestudiante_tb_libro_1` FOREIGN KEY (`fk_libro`) REFERENCES `tb_libro` (`id`))
ERROR - 2022-06-21 11:49:07 --> Cannot delete or update a parent row: a foreign key constraint fails (`db_almacen`.`op_historial_libroestudiante`, CONSTRAINT `fk_op_historial_libroestudiante_tb_libro_1` FOREIGN KEY (`fk_libro`) REFERENCES `tb_libro` (`id`))
ERROR - 2022-06-21 11:49:16 --> Cannot delete or update a parent row: a foreign key constraint fails (`db_almacen`.`op_historial_libroestudiante`, CONSTRAINT `fk_op_historial_libroestudiante_tb_libro_1` FOREIGN KEY (`fk_libro`) REFERENCES `tb_libro` (`id`))
ERROR - 2022-06-21 11:49:21 --> Cannot delete or update a parent row: a foreign key constraint fails (`db_almacen`.`op_historial_libroestudiante`, CONSTRAINT `fk_op_historial_libroestudiante_tb_libro_1` FOREIGN KEY (`fk_libro`) REFERENCES `tb_libro` (`id`))
ERROR - 2022-06-21 11:49:25 --> Cannot delete or update a parent row: a foreign key constraint fails (`db_almacen`.`op_historial_libroestudiante`, CONSTRAINT `fk_op_historial_libroestudiante_tb_libro_1` FOREIGN KEY (`fk_libro`) REFERENCES `tb_libro` (`id`))
ERROR - 2022-06-21 11:49:42 --> Cannot delete or update a parent row: a foreign key constraint fails (`db_almacen`.`op_historial_libroestudiante`, CONSTRAINT `fk_op_historial_libroestudiante_tb_libro_1` FOREIGN KEY (`fk_libro`) REFERENCES `tb_libro` (`id`))
ERROR - 2022-06-21 11:49:46 --> Cannot delete or update a parent row: a foreign key constraint fails (`db_almacen`.`op_historial_libroestudiante`, CONSTRAINT `fk_op_historial_libroestudiante_tb_libro_1` FOREIGN KEY (`fk_libro`) REFERENCES `tb_libro` (`id`))
ERROR - 2022-06-21 11:51:27 --> Cannot delete or update a parent row: a foreign key constraint fails (`db_almacen`.`op_historial_libroestudiante`, CONSTRAINT `fk_op_historial_libroestudiante_tb_libro_1` FOREIGN KEY (`fk_libro`) REFERENCES `tb_libro` (`id`))
ERROR - 2022-06-21 11:51:47 --> Cannot delete or update a parent row: a foreign key constraint fails (`db_almacen`.`op_historial_libroestudiante`, CONSTRAINT `fk_op_historial_libroestudiante_tb_libro_1` FOREIGN KEY (`fk_libro`) REFERENCES `tb_libro` (`id`))
ERROR - 2022-06-21 11:52:07 --> Cannot delete or update a parent row: a foreign key constraint fails (`db_almacen`.`op_historial_libroestudiante`, CONSTRAINT `fk_op_historial_libroestudiante_tb_libro_1` FOREIGN KEY (`fk_libro`) REFERENCES `tb_libro` (`id`))
ERROR - 2022-06-21 11:53:28 --> Cannot delete or update a parent row: a foreign key constraint fails (`db_almacen`.`op_historial_libroestudiante`, CONSTRAINT `fk_op_historial_libroestudiante_tb_libro_1` FOREIGN KEY (`fk_libro`) REFERENCES `tb_libro` (`id`))
ERROR - 2022-06-21 11:54:01 --> Cannot delete or update a parent row: a foreign key constraint fails (`db_almacen`.`op_historial_libroestudiante`, CONSTRAINT `fk_op_historial_libroestudiante_tb_libro_1` FOREIGN KEY (`fk_libro`) REFERENCES `tb_libro` (`id`))
ERROR - 2022-06-21 11:54:30 --> Cannot delete or update a parent row: a foreign key constraint fails (`db_almacen`.`op_historial_libroestudiante`, CONSTRAINT `fk_op_historial_libroestudiante_tb_libro_1` FOREIGN KEY (`fk_libro`) REFERENCES `tb_libro` (`id`))
ERROR - 2022-06-21 11:54:54 --> Cannot delete or update a parent row: a foreign key constraint fails (`db_almacen`.`op_historial_libroestudiante`, CONSTRAINT `fk_op_historial_libroestudiante_tb_libro_1` FOREIGN KEY (`fk_libro`) REFERENCES `tb_libro` (`id`))
ERROR - 2022-06-21 11:56:07 --> Cannot delete or update a parent row: a foreign key constraint fails (`db_almacen`.`op_historial_libroestudiante`, CONSTRAINT `fk_op_historial_libroestudiante_tb_libro_1` FOREIGN KEY (`fk_libro`) REFERENCES `tb_libro` (`id`))
ERROR - 2022-06-21 11:56:13 --> Cannot delete or update a parent row: a foreign key constraint fails (`db_almacen`.`op_historial_libroestudiante`, CONSTRAINT `fk_op_historial_libroestudiante_tb_libro_1` FOREIGN KEY (`fk_libro`) REFERENCES `tb_libro` (`id`))
ERROR - 2022-06-21 11:59:14 --> Cannot delete or update a parent row: a foreign key constraint fails (`db_almacen`.`op_historial_libroestudiante`, CONSTRAINT `fk_op_historial_libroestudiante_tb_libro_1` FOREIGN KEY (`fk_libro`) REFERENCES `tb_libro` (`id`))
ERROR - 2022-06-21 11:59:51 --> Cannot delete or update a parent row: a foreign key constraint fails (`db_almacen`.`op_historial_libroestudiante`, CONSTRAINT `fk_op_historial_libroestudiante_tb_libro_1` FOREIGN KEY (`fk_libro`) REFERENCES `tb_libro` (`id`))
ERROR - 2022-06-21 11:59:57 --> Cannot delete or update a parent row: a foreign key constraint fails (`db_almacen`.`op_historial_libroestudiante`, CONSTRAINT `fk_op_historial_libroestudiante_tb_libro_1` FOREIGN KEY (`fk_libro`) REFERENCES `tb_libro` (`id`))
ERROR - 2022-06-21 12:00:21 --> Cannot delete or update a parent row: a foreign key constraint fails (`db_almacen`.`op_historial_libroestudiante`, CONSTRAINT `fk_op_historial_libroestudiante_tb_libro_1` FOREIGN KEY (`fk_libro`) REFERENCES `tb_libro` (`id`))
ERROR - 2022-06-21 12:00:26 --> Cannot delete or update a parent row: a foreign key constraint fails (`db_almacen`.`op_historial_libroestudiante`, CONSTRAINT `fk_op_historial_libroestudiante_tb_libro_1` FOREIGN KEY (`fk_libro`) REFERENCES `tb_libro` (`id`))
ERROR - 2022-06-21 12:00:26 --> Cannot delete or update a parent row: a foreign key constraint fails (`db_almacen`.`op_historial_libroestudiante`, CONSTRAINT `fk_op_historial_libroestudiante_tb_libro_1` FOREIGN KEY (`fk_libro`) REFERENCES `tb_libro` (`id`))
CRITICAL - 2022-06-21 12:00:55 --> Undefined variable $id_libro
#0 C:\xampp\htdocs\almacen\app\Controllers\Dash.php(183): CodeIgniter\Debug\Exceptions->errorHandler(2, 'Undefined varia...', 'C:\\xampp\\htdocs...', 183)
#1 C:\xampp\htdocs\almacen\system\CodeIgniter.php(832): App\Controllers\Dash->del_book()
#2 C:\xampp\htdocs\almacen\system\CodeIgniter.php(419): CodeIgniter\CodeIgniter->runController(Object(App\Controllers\Dash))
#3 C:\xampp\htdocs\almacen\system\CodeIgniter.php(326): CodeIgniter\CodeIgniter->handleRequest(NULL, Object(Config\Cache), false)
#4 C:\xampp\htdocs\almacen\public\index.php(37): CodeIgniter\CodeIgniter->run()
#5 {main}
ERROR - 2022-06-21 12:01:10 --> Cannot delete or update a parent row: a foreign key constraint fails (`db_almacen`.`op_historial_libroestudiante`, CONSTRAINT `fk_op_historial_libroestudiante_tb_libro_1` FOREIGN KEY (`fk_libro`) REFERENCES `tb_libro` (`id`))
ERROR - 2022-06-21 12:01:37 --> Cannot delete or update a parent row: a foreign key constraint fails (`db_almacen`.`op_historial_libroestudiante`, CONSTRAINT `fk_op_historial_libroestudiante_tb_libro_1` FOREIGN KEY (`fk_libro`) REFERENCES `tb_libro` (`id`))
ERROR - 2022-06-21 12:01:54 --> Cannot delete or update a parent row: a foreign key constraint fails (`db_almacen`.`op_historial_libroestudiante`, CONSTRAINT `fk_op_historial_libroestudiante_tb_libro_1` FOREIGN KEY (`fk_libro`) REFERENCES `tb_libro` (`id`))
ERROR - 2022-06-21 12:03:13 --> Cannot delete or update a parent row: a foreign key constraint fails (`db_almacen`.`op_historial_libroestudiante`, CONSTRAINT `fk_op_historial_libroestudiante_tb_libro_1` FOREIGN KEY (`fk_libro`) REFERENCES `tb_libro` (`id`))
ERROR - 2022-06-21 12:03:39 --> Cannot delete or update a parent row: a foreign key constraint fails (`db_almacen`.`op_historial_libroestudiante`, CONSTRAINT `fk_op_historial_libroestudiante_tb_libro_1` FOREIGN KEY (`fk_libro`) REFERENCES `tb_libro` (`id`))
ERROR - 2022-06-21 12:03:42 --> Cannot delete or update a parent row: a foreign key constraint fails (`db_almacen`.`op_historial_libroestudiante`, CONSTRAINT `fk_op_historial_libroestudiante_tb_libro_1` FOREIGN KEY (`fk_libro`) REFERENCES `tb_libro` (`id`))
ERROR - 2022-06-21 12:03:51 --> Cannot delete or update a parent row: a foreign key constraint fails (`db_almacen`.`op_historial_libroestudiante`, CONSTRAINT `fk_op_historial_libroestudiante_tb_libro_1` FOREIGN KEY (`fk_libro`) REFERENCES `tb_libro` (`id`))
ERROR - 2022-06-21 12:03:51 --> Cannot delete or update a parent row: a foreign key constraint fails (`db_almacen`.`op_historial_libroestudiante`, CONSTRAINT `fk_op_historial_libroestudiante_tb_libro_1` FOREIGN KEY (`fk_libro`) REFERENCES `tb_libro` (`id`))
ERROR - 2022-06-21 12:03:52 --> Cannot delete or update a parent row: a foreign key constraint fails (`db_almacen`.`op_historial_libroestudiante`, CONSTRAINT `fk_op_historial_libroestudiante_tb_libro_1` FOREIGN KEY (`fk_libro`) REFERENCES `tb_libro` (`id`))
ERROR - 2022-06-21 12:03:52 --> Cannot delete or update a parent row: a foreign key constraint fails (`db_almacen`.`op_historial_libroestudiante`, CONSTRAINT `fk_op_historial_libroestudiante_tb_libro_1` FOREIGN KEY (`fk_libro`) REFERENCES `tb_libro` (`id`))
ERROR - 2022-06-21 12:03:52 --> Cannot delete or update a parent row: a foreign key constraint fails (`db_almacen`.`op_historial_libroestudiante`, CONSTRAINT `fk_op_historial_libroestudiante_tb_libro_1` FOREIGN KEY (`fk_libro`) REFERENCES `tb_libro` (`id`))
ERROR - 2022-06-21 12:04:09 --> Cannot delete or update a parent row: a foreign key constraint fails (`db_almacen`.`op_historial_libroestudiante`, CONSTRAINT `fk_op_historial_libroestudiante_tb_libro_1` FOREIGN KEY (`fk_libro`) REFERENCES `tb_libro` (`id`))
ERROR - 2022-06-21 12:04:22 --> Cannot delete or update a parent row: a foreign key constraint fails (`db_almacen`.`op_historial_libroestudiante`, CONSTRAINT `fk_op_historial_libroestudiante_tb_estudiante_1` FOREIGN KEY (`fk_estudiante`) REFERENCES `tb_estudiante` (`id`))
ERROR - 2022-06-21 12:04:29 --> Cannot delete or update a parent row: a foreign key constraint fails (`db_almacen`.`op_historial_libroestudiante`, CONSTRAINT `fk_op_historial_libroestudiante_tb_estudiante_1` FOREIGN KEY (`fk_estudiante`) REFERENCES `tb_estudiante` (`id`))
ERROR - 2022-06-21 12:04:32 --> Cannot delete or update a parent row: a foreign key constraint fails (`db_almacen`.`op_historial_libroestudiante`, CONSTRAINT `fk_op_historial_libroestudiante_tb_libro_1` FOREIGN KEY (`fk_libro`) REFERENCES `tb_libro` (`id`))
ERROR - 2022-06-21 12:04:33 --> Cannot delete or update a parent row: a foreign key constraint fails (`db_almacen`.`op_historial_libroestudiante`, CONSTRAINT `fk_op_historial_libroestudiante_tb_libro_1` FOREIGN KEY (`fk_libro`) REFERENCES `tb_libro` (`id`))
ERROR - 2022-06-21 12:04:33 --> Cannot delete or update a parent row: a foreign key constraint fails (`db_almacen`.`op_historial_libroestudiante`, CONSTRAINT `fk_op_historial_libroestudiante_tb_libro_1` FOREIGN KEY (`fk_libro`) REFERENCES `tb_libro` (`id`))
ERROR - 2022-06-21 12:07:01 --> Cannot delete or update a parent row: a foreign key constraint fails (`db_almacen`.`op_historial_libroestudiante`, CONSTRAINT `fk_op_historial_libroestudiante_tb_libro_1` FOREIGN KEY (`fk_libro`) REFERENCES `tb_libro` (`id`))
ERROR - 2022-06-21 12:07:05 --> Cannot delete or update a parent row: a foreign key constraint fails (`db_almacen`.`op_historial_libroestudiante`, CONSTRAINT `fk_op_historial_libroestudiante_tb_libro_1` FOREIGN KEY (`fk_libro`) REFERENCES `tb_libro` (`id`))
ERROR - 2022-06-21 12:07:05 --> Cannot delete or update a parent row: a foreign key constraint fails (`db_almacen`.`op_historial_libroestudiante`, CONSTRAINT `fk_op_historial_libroestudiante_tb_libro_1` FOREIGN KEY (`fk_libro`) REFERENCES `tb_libro` (`id`))
ERROR - 2022-06-21 12:08:01 --> Cannot delete or update a parent row: a foreign key constraint fails (`db_almacen`.`op_historial_libroestudiante`, CONSTRAINT `fk_op_historial_libroestudiante_tb_libro_1` FOREIGN KEY (`fk_libro`) REFERENCES `tb_libro` (`id`))
ERROR - 2022-06-21 12:08:15 --> Cannot delete or update a parent row: a foreign key constraint fails (`db_almacen`.`op_historial_libroestudiante`, CONSTRAINT `fk_op_historial_libroestudiante_tb_libro_1` FOREIGN KEY (`fk_libro`) REFERENCES `tb_libro` (`id`))
ERROR - 2022-06-21 12:08:24 --> Cannot delete or update a parent row: a foreign key constraint fails (`db_almacen`.`op_historial_libroestudiante`, CONSTRAINT `fk_op_historial_libroestudiante_tb_libro_1` FOREIGN KEY (`fk_libro`) REFERENCES `tb_libro` (`id`))
ERROR - 2022-06-21 12:08:24 --> Cannot delete or update a parent row: a foreign key constraint fails (`db_almacen`.`op_historial_libroestudiante`, CONSTRAINT `fk_op_historial_libroestudiante_tb_libro_1` FOREIGN KEY (`fk_libro`) REFERENCES `tb_libro` (`id`))
ERROR - 2022-06-21 12:08:28 --> Cannot delete or update a parent row: a foreign key constraint fails (`db_almacen`.`op_historial_libroestudiante`, CONSTRAINT `fk_op_historial_libroestudiante_tb_libro_1` FOREIGN KEY (`fk_libro`) REFERENCES `tb_libro` (`id`))
ERROR - 2022-06-21 12:08:28 --> Cannot delete or update a parent row: a foreign key constraint fails (`db_almacen`.`op_historial_libroestudiante`, CONSTRAINT `fk_op_historial_libroestudiante_tb_libro_1` FOREIGN KEY (`fk_libro`) REFERENCES `tb_libro` (`id`))
ERROR - 2022-06-21 12:08:33 --> Cannot delete or update a parent row: a foreign key constraint fails (`db_almacen`.`op_historial_libroestudiante`, CONSTRAINT `fk_op_historial_libroestudiante_tb_libro_1` FOREIGN KEY (`fk_libro`) REFERENCES `tb_libro` (`id`))
ERROR - 2022-06-21 12:08:33 --> Cannot delete or update a parent row: a foreign key constraint fails (`db_almacen`.`op_historial_libroestudiante`, CONSTRAINT `fk_op_historial_libroestudiante_tb_libro_1` FOREIGN KEY (`fk_libro`) REFERENCES `tb_libro` (`id`))
ERROR - 2022-06-21 12:08:35 --> Cannot delete or update a parent row: a foreign key constraint fails (`db_almacen`.`op_historial_libroestudiante`, CONSTRAINT `fk_op_historial_libroestudiante_tb_libro_1` FOREIGN KEY (`fk_libro`) REFERENCES `tb_libro` (`id`))
ERROR - 2022-06-21 12:08:35 --> Cannot delete or update a parent row: a foreign key constraint fails (`db_almacen`.`op_historial_libroestudiante`, CONSTRAINT `fk_op_historial_libroestudiante_tb_libro_1` FOREIGN KEY (`fk_libro`) REFERENCES `tb_libro` (`id`))
ERROR - 2022-06-21 12:08:36 --> Cannot delete or update a parent row: a foreign key constraint fails (`db_almacen`.`op_historial_libroestudiante`, CONSTRAINT `fk_op_historial_libroestudiante_tb_libro_1` FOREIGN KEY (`fk_libro`) REFERENCES `tb_libro` (`id`))
ERROR - 2022-06-21 12:08:36 --> Cannot delete or update a parent row: a foreign key constraint fails (`db_almacen`.`op_historial_libroestudiante`, CONSTRAINT `fk_op_historial_libroestudiante_tb_libro_1` FOREIGN KEY (`fk_libro`) REFERENCES `tb_libro` (`id`))
ERROR - 2022-06-21 12:08:37 --> Cannot delete or update a parent row: a foreign key constraint fails (`db_almacen`.`op_historial_libroestudiante`, CONSTRAINT `fk_op_historial_libroestudiante_tb_libro_1` FOREIGN KEY (`fk_libro`) REFERENCES `tb_libro` (`id`))
ERROR - 2022-06-21 12:08:40 --> Cannot delete or update a parent row: a foreign key constraint fails (`db_almacen`.`op_historial_libroestudiante`, CONSTRAINT `fk_op_historial_libroestudiante_tb_libro_1` FOREIGN KEY (`fk_libro`) REFERENCES `tb_libro` (`id`))
ERROR - 2022-06-21 12:08:40 --> Cannot delete or update a parent row: a foreign key constraint fails (`db_almacen`.`op_historial_libroestudiante`, CONSTRAINT `fk_op_historial_libroestudiante_tb_libro_1` FOREIGN KEY (`fk_libro`) REFERENCES `tb_libro` (`id`))
ERROR - 2022-06-21 12:08:40 --> Cannot delete or update a parent row: a foreign key constraint fails (`db_almacen`.`op_historial_libroestudiante`, CONSTRAINT `fk_op_historial_libroestudiante_tb_libro_1` FOREIGN KEY (`fk_libro`) REFERENCES `tb_libro` (`id`))
ERROR - 2022-06-21 12:08:40 --> Cannot delete or update a parent row: a foreign key constraint fails (`db_almacen`.`op_historial_libroestudiante`, CONSTRAINT `fk_op_historial_libroestudiante_tb_libro_1` FOREIGN KEY (`fk_libro`) REFERENCES `tb_libro` (`id`))
ERROR - 2022-06-21 12:08:50 --> Cannot delete or update a parent row: a foreign key constraint fails (`db_almacen`.`op_historial_libroestudiante`, CONSTRAINT `fk_op_historial_libroestudiante_tb_libro_1` FOREIGN KEY (`fk_libro`) REFERENCES `tb_libro` (`id`))
ERROR - 2022-06-21 12:08:50 --> Cannot delete or update a parent row: a foreign key constraint fails (`db_almacen`.`op_historial_libroestudiante`, CONSTRAINT `fk_op_historial_libroestudiante_tb_libro_1` FOREIGN KEY (`fk_libro`) REFERENCES `tb_libro` (`id`))
ERROR - 2022-06-21 12:08:50 --> Cannot delete or update a parent row: a foreign key constraint fails (`db_almacen`.`op_historial_libroestudiante`, CONSTRAINT `fk_op_historial_libroestudiante_tb_libro_1` FOREIGN KEY (`fk_libro`) REFERENCES `tb_libro` (`id`))
ERROR - 2022-06-21 12:08:50 --> Cannot delete or update a parent row: a foreign key constraint fails (`db_almacen`.`op_historial_libroestudiante`, CONSTRAINT `fk_op_historial_libroestudiante_tb_libro_1` FOREIGN KEY (`fk_libro`) REFERENCES `tb_libro` (`id`))
ERROR - 2022-06-21 12:08:52 --> Cannot delete or update a parent row: a foreign key constraint fails (`db_almacen`.`op_historial_libroestudiante`, CONSTRAINT `fk_op_historial_libroestudiante_tb_libro_1` FOREIGN KEY (`fk_libro`) REFERENCES `tb_libro` (`id`))
ERROR - 2022-06-21 12:08:52 --> Cannot delete or update a parent row: a foreign key constraint fails (`db_almacen`.`op_historial_libroestudiante`, CONSTRAINT `fk_op_historial_libroestudiante_tb_libro_1` FOREIGN KEY (`fk_libro`) REFERENCES `tb_libro` (`id`))
ERROR - 2022-06-21 12:08:52 --> Cannot delete or update a parent row: a foreign key constraint fails (`db_almacen`.`op_historial_libroestudiante`, CONSTRAINT `fk_op_historial_libroestudiante_tb_libro_1` FOREIGN KEY (`fk_libro`) REFERENCES `tb_libro` (`id`))
ERROR - 2022-06-21 12:08:52 --> Cannot delete or update a parent row: a foreign key constraint fails (`db_almacen`.`op_historial_libroestudiante`, CONSTRAINT `fk_op_historial_libroestudiante_tb_libro_1` FOREIGN KEY (`fk_libro`) REFERENCES `tb_libro` (`id`))
ERROR - 2022-06-21 12:08:55 --> Cannot delete or update a parent row: a foreign key constraint fails (`db_almacen`.`op_historial_libroestudiante`, CONSTRAINT `fk_op_historial_libroestudiante_tb_libro_1` FOREIGN KEY (`fk_libro`) REFERENCES `tb_libro` (`id`))
ERROR - 2022-06-21 12:08:55 --> Cannot delete or update a parent row: a foreign key constraint fails (`db_almacen`.`op_historial_libroestudiante`, CONSTRAINT `fk_op_historial_libroestudiante_tb_libro_1` FOREIGN KEY (`fk_libro`) REFERENCES `tb_libro` (`id`))
ERROR - 2022-06-21 12:08:55 --> Cannot delete or update a parent row: a foreign key constraint fails (`db_almacen`.`op_historial_libroestudiante`, CONSTRAINT `fk_op_historial_libroestudiante_tb_libro_1` FOREIGN KEY (`fk_libro`) REFERENCES `tb_libro` (`id`))
ERROR - 2022-06-21 12:08:55 --> Cannot delete or update a parent row: a foreign key constraint fails (`db_almacen`.`op_historial_libroestudiante`, CONSTRAINT `fk_op_historial_libroestudiante_tb_libro_1` FOREIGN KEY (`fk_libro`) REFERENCES `tb_libro` (`id`))
ERROR - 2022-06-21 12:08:55 --> Cannot delete or update a parent row: a foreign key constraint fails (`db_almacen`.`op_historial_libroestudiante`, CONSTRAINT `fk_op_historial_libroestudiante_tb_libro_1` FOREIGN KEY (`fk_libro`) REFERENCES `tb_libro` (`id`))
ERROR - 2022-06-21 12:08:58 --> Cannot delete or update a parent row: a foreign key constraint fails (`db_almacen`.`op_historial_libroestudiante`, CONSTRAINT `fk_op_historial_libroestudiante_tb_libro_1` FOREIGN KEY (`fk_libro`) REFERENCES `tb_libro` (`id`))
ERROR - 2022-06-21 12:08:59 --> Cannot delete or update a parent row: a foreign key constraint fails (`db_almacen`.`op_historial_libroestudiante`, CONSTRAINT `fk_op_historial_libroestudiante_tb_libro_1` FOREIGN KEY (`fk_libro`) REFERENCES `tb_libro` (`id`))
ERROR - 2022-06-21 12:08:59 --> Cannot delete or update a parent row: a foreign key constraint fails (`db_almacen`.`op_historial_libroestudiante`, CONSTRAINT `fk_op_historial_libroestudiante_tb_libro_1` FOREIGN KEY (`fk_libro`) REFERENCES `tb_libro` (`id`))
ERROR - 2022-06-21 12:08:59 --> Cannot delete or update a parent row: a foreign key constraint fails (`db_almacen`.`op_historial_libroestudiante`, CONSTRAINT `fk_op_historial_libroestudiante_tb_libro_1` FOREIGN KEY (`fk_libro`) REFERENCES `tb_libro` (`id`))
ERROR - 2022-06-21 12:08:59 --> Cannot delete or update a parent row: a foreign key constraint fails (`db_almacen`.`op_historial_libroestudiante`, CONSTRAINT `fk_op_historial_libroestudiante_tb_libro_1` FOREIGN KEY (`fk_libro`) REFERENCES `tb_libro` (`id`))
ERROR - 2022-06-21 12:09:01 --> Cannot delete or update a parent row: a foreign key constraint fails (`db_almacen`.`op_historial_libroestudiante`, CONSTRAINT `fk_op_historial_libroestudiante_tb_libro_1` FOREIGN KEY (`fk_libro`) REFERENCES `tb_libro` (`id`))
ERROR - 2022-06-21 12:09:01 --> Cannot delete or update a parent row: a foreign key constraint fails (`db_almacen`.`op_historial_libroestudiante`, CONSTRAINT `fk_op_historial_libroestudiante_tb_libro_1` FOREIGN KEY (`fk_libro`) REFERENCES `tb_libro` (`id`))
ERROR - 2022-06-21 12:09:01 --> Cannot delete or update a parent row: a foreign key constraint fails (`db_almacen`.`op_historial_libroestudiante`, CONSTRAINT `fk_op_historial_libroestudiante_tb_libro_1` FOREIGN KEY (`fk_libro`) REFERENCES `tb_libro` (`id`))
ERROR - 2022-06-21 12:09:01 --> Cannot delete or update a parent row: a foreign key constraint fails (`db_almacen`.`op_historial_libroestudiante`, CONSTRAINT `fk_op_historial_libroestudiante_tb_libro_1` FOREIGN KEY (`fk_libro`) REFERENCES `tb_libro` (`id`))
ERROR - 2022-06-21 12:09:01 --> Cannot delete or update a parent row: a foreign key constraint fails (`db_almacen`.`op_historial_libroestudiante`, CONSTRAINT `fk_op_historial_libroestudiante_tb_libro_1` FOREIGN KEY (`fk_libro`) REFERENCES `tb_libro` (`id`))
ERROR - 2022-06-21 12:09:02 --> Cannot delete or update a parent row: a foreign key constraint fails (`db_almacen`.`op_historial_libroestudiante`, CONSTRAINT `fk_op_historial_libroestudiante_tb_libro_1` FOREIGN KEY (`fk_libro`) REFERENCES `tb_libro` (`id`))
ERROR - 2022-06-21 12:09:03 --> Cannot delete or update a parent row: a foreign key constraint fails (`db_almacen`.`op_historial_libroestudiante`, CONSTRAINT `fk_op_historial_libroestudiante_tb_libro_1` FOREIGN KEY (`fk_libro`) REFERENCES `tb_libro` (`id`))
ERROR - 2022-06-21 12:09:03 --> Cannot delete or update a parent row: a foreign key constraint fails (`db_almacen`.`op_historial_libroestudiante`, CONSTRAINT `fk_op_historial_libroestudiante_tb_libro_1` FOREIGN KEY (`fk_libro`) REFERENCES `tb_libro` (`id`))
ERROR - 2022-06-21 12:09:04 --> Cannot delete or update a parent row: a foreign key constraint fails (`db_almacen`.`op_historial_libroestudiante`, CONSTRAINT `fk_op_historial_libroestudiante_tb_libro_1` FOREIGN KEY (`fk_libro`) REFERENCES `tb_libro` (`id`))
ERROR - 2022-06-21 12:09:04 --> Cannot delete or update a parent row: a foreign key constraint fails (`db_almacen`.`op_historial_libroestudiante`, CONSTRAINT `fk_op_historial_libroestudiante_tb_libro_1` FOREIGN KEY (`fk_libro`) REFERENCES `tb_libro` (`id`))
ERROR - 2022-06-21 12:09:04 --> Cannot delete or update a parent row: a foreign key constraint fails (`db_almacen`.`op_historial_libroestudiante`, CONSTRAINT `fk_op_historial_libroestudiante_tb_libro_1` FOREIGN KEY (`fk_libro`) REFERENCES `tb_libro` (`id`))
ERROR - 2022-06-21 12:09:04 --> Cannot delete or update a parent row: a foreign key constraint fails (`db_almacen`.`op_historial_libroestudiante`, CONSTRAINT `fk_op_historial_libroestudiante_tb_libro_1` FOREIGN KEY (`fk_libro`) REFERENCES `tb_libro` (`id`))
ERROR - 2022-06-21 12:11:07 --> Cannot delete or update a parent row: a foreign key constraint fails (`db_almacen`.`op_historial_libroestudiante`, CONSTRAINT `fk_op_historial_libroestudiante_tb_libro_1` FOREIGN KEY (`fk_libro`) REFERENCES `tb_libro` (`id`))
ERROR - 2022-06-21 12:11:19 --> Cannot delete or update a parent row: a foreign key constraint fails (`db_almacen`.`op_historial_libroestudiante`, CONSTRAINT `fk_op_historial_libroestudiante_tb_libro_1` FOREIGN KEY (`fk_libro`) REFERENCES `tb_libro` (`id`))
ERROR - 2022-06-21 12:12:17 --> Cannot delete or update a parent row: a foreign key constraint fails (`db_almacen`.`op_historial_libroestudiante`, CONSTRAINT `fk_op_historial_libroestudiante_tb_libro_1` FOREIGN KEY (`fk_libro`) REFERENCES `tb_libro` (`id`))
ERROR - 2022-06-21 12:12:18 --> Cannot delete or update a parent row: a foreign key constraint fails (`db_almacen`.`op_historial_libroestudiante`, CONSTRAINT `fk_op_historial_libroestudiante_tb_libro_1` FOREIGN KEY (`fk_libro`) REFERENCES `tb_libro` (`id`))
ERROR - 2022-06-21 12:12:19 --> Cannot delete or update a parent row: a foreign key constraint fails (`db_almacen`.`op_historial_libroestudiante`, CONSTRAINT `fk_op_historial_libroestudiante_tb_libro_1` FOREIGN KEY (`fk_libro`) REFERENCES `tb_libro` (`id`))
ERROR - 2022-06-21 12:15:42 --> Cannot delete or update a parent row: a foreign key constraint fails (`db_almacen`.`op_historial_libroestudiante`, CONSTRAINT `fk_op_historial_libroestudiante_tb_libro_1` FOREIGN KEY (`fk_libro`) REFERENCES `tb_libro` (`id`))
ERROR - 2022-06-21 12:16:57 --> Cannot delete or update a parent row: a foreign key constraint fails (`db_almacen`.`op_historial_libroestudiante`, CONSTRAINT `fk_op_historial_libroestudiante_tb_libro_1` FOREIGN KEY (`fk_libro`) REFERENCES `tb_libro` (`id`))
ERROR - 2022-06-21 12:17:43 --> Cannot delete or update a parent row: a foreign key constraint fails (`db_almacen`.`op_historial_libroestudiante`, CONSTRAINT `fk_op_historial_libroestudiante_tb_libro_1` FOREIGN KEY (`fk_libro`) REFERENCES `tb_libro` (`id`))
ERROR - 2022-06-21 12:17:54 --> Cannot delete or update a parent row: a foreign key constraint fails (`db_almacen`.`op_historial_libroestudiante`, CONSTRAINT `fk_op_historial_libroestudiante_tb_libro_1` FOREIGN KEY (`fk_libro`) REFERENCES `tb_libro` (`id`))
ERROR - 2022-06-21 12:33:24 --> Cannot delete or update a parent row: a foreign key constraint fails (`db_almacen`.`op_historial_libroestudiante`, CONSTRAINT `fk_op_historial_libroestudiante_tb_libro_1` FOREIGN KEY (`fk_libro`) REFERENCES `tb_libro` (`id`))
ERROR - 2022-06-21 12:35:39 --> Cannot delete or update a parent row: a foreign key constraint fails (`db_almacen`.`op_historial_libroestudiante`, CONSTRAINT `fk_op_historial_libroestudiante_tb_libro_1` FOREIGN KEY (`fk_libro`) REFERENCES `tb_libro` (`id`))
ERROR - 2022-06-21 12:35:52 --> Cannot delete or update a parent row: a foreign key constraint fails (`db_almacen`.`op_historial_libroestudiante`, CONSTRAINT `fk_op_historial_libroestudiante_tb_libro_1` FOREIGN KEY (`fk_libro`) REFERENCES `tb_libro` (`id`))
ERROR - 2022-06-21 12:39:28 --> Cannot delete or update a parent row: a foreign key constraint fails (`db_almacen`.`op_historial_libroestudiante`, CONSTRAINT `fk_op_historial_libroestudiante_tb_libro_1` FOREIGN KEY (`fk_libro`) REFERENCES `tb_libro` (`id`))
ERROR - 2022-06-21 12:41:05 --> Cannot delete or update a parent row: a foreign key constraint fails (`db_almacen`.`op_historial_libroestudiante`, CONSTRAINT `fk_op_historial_libroestudiante_tb_libro_1` FOREIGN KEY (`fk_libro`) REFERENCES `tb_libro` (`id`))
ERROR - 2022-06-21 12:41:10 --> Cannot delete or update a parent row: a foreign key constraint fails (`db_almacen`.`op_historial_libroestudiante`, CONSTRAINT `fk_op_historial_libroestudiante_tb_libro_1` FOREIGN KEY (`fk_libro`) REFERENCES `tb_libro` (`id`))
ERROR - 2022-06-21 12:41:37 --> Cannot delete or update a parent row: a foreign key constraint fails (`db_almacen`.`op_historial_libroestudiante`, CONSTRAINT `fk_op_historial_libroestudiante_tb_libro_1` FOREIGN KEY (`fk_libro`) REFERENCES `tb_libro` (`id`))
ERROR - 2022-06-21 12:41:42 --> Cannot delete or update a parent row: a foreign key constraint fails (`db_almacen`.`op_historial_libroestudiante`, CONSTRAINT `fk_op_historial_libroestudiante_tb_libro_1` FOREIGN KEY (`fk_libro`) REFERENCES `tb_libro` (`id`))
ERROR - 2022-06-21 12:46:22 --> Cannot delete or update a parent row: a foreign key constraint fails (`db_almacen`.`op_historial_libroestudiante`, CONSTRAINT `fk_op_historial_libroestudiante_tb_libro_1` FOREIGN KEY (`fk_libro`) REFERENCES `tb_libro` (`id`))
ERROR - 2022-06-21 12:46:28 --> Cannot delete or update a parent row: a foreign key constraint fails (`db_almacen`.`op_historial_libroestudiante`, CONSTRAINT `fk_op_historial_libroestudiante_tb_libro_1` FOREIGN KEY (`fk_libro`) REFERENCES `tb_libro` (`id`))
ERROR - 2022-06-21 12:46:31 --> Cannot delete or update a parent row: a foreign key constraint fails (`db_almacen`.`op_historial_libroestudiante`, CONSTRAINT `fk_op_historial_libroestudiante_tb_libro_1` FOREIGN KEY (`fk_libro`) REFERENCES `tb_libro` (`id`))
ERROR - 2022-06-21 12:52:33 --> Cannot delete or update a parent row: a foreign key constraint fails (`db_almacen`.`op_historial_libroestudiante`, CONSTRAINT `fk_op_historial_libroestudiante_tb_libro_1` FOREIGN KEY (`fk_libro`) REFERENCES `tb_libro` (`id`))
ERROR - 2022-06-21 12:52:37 --> Cannot delete or update a parent row: a foreign key constraint fails (`db_almacen`.`op_historial_libroestudiante`, CONSTRAINT `fk_op_historial_libroestudiante_tb_libro_1` FOREIGN KEY (`fk_libro`) REFERENCES `tb_libro` (`id`))
ERROR - 2022-06-21 12:52:53 --> Cannot delete or update a parent row: a foreign key constraint fails (`db_almacen`.`op_historial_libroestudiante`, CONSTRAINT `fk_op_historial_libroestudiante_tb_libro_1` FOREIGN KEY (`fk_libro`) REFERENCES `tb_libro` (`id`))
ERROR - 2022-06-21 12:53:13 --> Cannot delete or update a parent row: a foreign key constraint fails (`db_almacen`.`op_historial_libroestudiante`, CONSTRAINT `fk_op_historial_libroestudiante_tb_libro_1` FOREIGN KEY (`fk_libro`) REFERENCES `tb_libro` (`id`))
ERROR - 2022-06-21 12:53:29 --> Cannot delete or update a parent row: a foreign key constraint fails (`db_almacen`.`op_historial_libroestudiante`, CONSTRAINT `fk_op_historial_libroestudiante_tb_libro_1` FOREIGN KEY (`fk_libro`) REFERENCES `tb_libro` (`id`))
ERROR - 2022-06-21 12:53:29 --> Cannot delete or update a parent row: a foreign key constraint fails (`db_almacen`.`op_historial_libroestudiante`, CONSTRAINT `fk_op_historial_libroestudiante_tb_libro_1` FOREIGN KEY (`fk_libro`) REFERENCES `tb_libro` (`id`))
ERROR - 2022-06-21 12:53:29 --> Cannot delete or update a parent row: a foreign key constraint fails (`db_almacen`.`op_historial_libroestudiante`, CONSTRAINT `fk_op_historial_libroestudiante_tb_libro_1` FOREIGN KEY (`fk_libro`) REFERENCES `tb_libro` (`id`))
ERROR - 2022-06-21 12:53:29 --> Cannot delete or update a parent row: a foreign key constraint fails (`db_almacen`.`op_historial_libroestudiante`, CONSTRAINT `fk_op_historial_libroestudiante_tb_libro_1` FOREIGN KEY (`fk_libro`) REFERENCES `tb_libro` (`id`))
ERROR - 2022-06-21 12:53:29 --> Cannot delete or update a parent row: a foreign key constraint fails (`db_almacen`.`op_historial_libroestudiante`, CONSTRAINT `fk_op_historial_libroestudiante_tb_libro_1` FOREIGN KEY (`fk_libro`) REFERENCES `tb_libro` (`id`))
ERROR - 2022-06-21 12:53:30 --> Cannot delete or update a parent row: a foreign key constraint fails (`db_almacen`.`op_historial_libroestudiante`, CONSTRAINT `fk_op_historial_libroestudiante_tb_libro_1` FOREIGN KEY (`fk_libro`) REFERENCES `tb_libro` (`id`))
ERROR - 2022-06-21 12:53:30 --> Cannot delete or update a parent row: a foreign key constraint fails (`db_almacen`.`op_historial_libroestudiante`, CONSTRAINT `fk_op_historial_libroestudiante_tb_libro_1` FOREIGN KEY (`fk_libro`) REFERENCES `tb_libro` (`id`))
ERROR - 2022-06-21 12:53:30 --> Cannot delete or update a parent row: a foreign key constraint fails (`db_almacen`.`op_historial_libroestudiante`, CONSTRAINT `fk_op_historial_libroestudiante_tb_libro_1` FOREIGN KEY (`fk_libro`) REFERENCES `tb_libro` (`id`))
ERROR - 2022-06-21 12:53:31 --> Cannot delete or update a parent row: a foreign key constraint fails (`db_almacen`.`op_historial_libroestudiante`, CONSTRAINT `fk_op_historial_libroestudiante_tb_libro_1` FOREIGN KEY (`fk_libro`) REFERENCES `tb_libro` (`id`))
ERROR - 2022-06-21 12:53:31 --> Cannot delete or update a parent row: a foreign key constraint fails (`db_almacen`.`op_historial_libroestudiante`, CONSTRAINT `fk_op_historial_libroestudiante_tb_libro_1` FOREIGN KEY (`fk_libro`) REFERENCES `tb_libro` (`id`))
ERROR - 2022-06-21 12:53:31 --> Cannot delete or update a parent row: a foreign key constraint fails (`db_almacen`.`op_historial_libroestudiante`, CONSTRAINT `fk_op_historial_libroestudiante_tb_libro_1` FOREIGN KEY (`fk_libro`) REFERENCES `tb_libro` (`id`))
ERROR - 2022-06-21 12:56:00 --> Cannot delete or update a parent row: a foreign key constraint fails (`db_almacen`.`op_historial_libroestudiante`, CONSTRAINT `fk_op_historial_libroestudiante_tb_estudiante_1` FOREIGN KEY (`fk_estudiante`) REFERENCES `tb_estudiante` (`id`))
ERROR - 2022-06-21 12:56:05 --> Cannot delete or update a parent row: a foreign key constraint fails (`db_almacen`.`op_historial_libroestudiante`, CONSTRAINT `fk_op_historial_libroestudiante_tb_libro_1` FOREIGN KEY (`fk_libro`) REFERENCES `tb_libro` (`id`))
ERROR - 2022-06-21 12:56:32 --> Cannot delete or update a parent row: a foreign key constraint fails (`db_almacen`.`op_historial_libroestudiante`, CONSTRAINT `fk_op_historial_libroestudiante_tb_libro_1` FOREIGN KEY (`fk_libro`) REFERENCES `tb_libro` (`id`))
ERROR - 2022-06-21 12:56:46 --> Cannot delete or update a parent row: a foreign key constraint fails (`db_almacen`.`op_historial_libroestudiante`, CONSTRAINT `fk_op_historial_libroestudiante_tb_libro_1` FOREIGN KEY (`fk_libro`) REFERENCES `tb_libro` (`id`))
ERROR - 2022-06-21 12:58:17 --> Cannot delete or update a parent row: a foreign key constraint fails (`db_almacen`.`op_historial_libroestudiante`, CONSTRAINT `fk_op_historial_libroestudiante_tb_libro_1` FOREIGN KEY (`fk_libro`) REFERENCES `tb_libro` (`id`))
ERROR - 2022-06-21 12:58:20 --> Cannot delete or update a parent row: a foreign key constraint fails (`db_almacen`.`op_historial_libroestudiante`, CONSTRAINT `fk_op_historial_libroestudiante_tb_libro_1` FOREIGN KEY (`fk_libro`) REFERENCES `tb_libro` (`id`))
ERROR - 2022-06-21 13:01:00 --> Cannot delete or update a parent row: a foreign key constraint fails (`db_almacen`.`op_historial_libroestudiante`, CONSTRAINT `fk_op_historial_libroestudiante_tb_libro_1` FOREIGN KEY (`fk_libro`) REFERENCES `tb_libro` (`id`))
ERROR - 2022-06-21 13:01:05 --> Cannot delete or update a parent row: a foreign key constraint fails (`db_almacen`.`op_historial_libroestudiante`, CONSTRAINT `fk_op_historial_libroestudiante_tb_libro_1` FOREIGN KEY (`fk_libro`) REFERENCES `tb_libro` (`id`))
ERROR - 2022-06-21 13:01:12 --> Cannot delete or update a parent row: a foreign key constraint fails (`db_almacen`.`op_historial_libroestudiante`, CONSTRAINT `fk_op_historial_libroestudiante_tb_libro_1` FOREIGN KEY (`fk_libro`) REFERENCES `tb_libro` (`id`))
ERROR - 2022-06-21 15:05:45 --> Cannot delete or update a parent row: a foreign key constraint fails (`db_almacen`.`op_historial_libroestudiante`, CONSTRAINT `fk_op_historial_libroestudiante_tb_estudiante_1` FOREIGN KEY (`fk_estudiante`) REFERENCES `tb_estudiante` (`id`))
ERROR - 2022-06-21 15:07:12 --> Cannot delete or update a parent row: a foreign key constraint fails (`db_almacen`.`op_historial_libroestudiante`, CONSTRAINT `fk_op_historial_libroestudiante_tb_estudiante_1` FOREIGN KEY (`fk_estudiante`) REFERENCES `tb_estudiante` (`id`))
ERROR - 2022-06-21 15:07:19 --> Cannot delete or update a parent row: a foreign key constraint fails (`db_almacen`.`op_historial_libroestudiante`, CONSTRAINT `fk_op_historial_libroestudiante_tb_estudiante_1` FOREIGN KEY (`fk_estudiante`) REFERENCES `tb_estudiante` (`id`))
ERROR - 2022-06-21 15:09:39 --> Cannot delete or update a parent row: a foreign key constraint fails (`db_almacen`.`op_historial_libroestudiante`, CONSTRAINT `fk_op_historial_libroestudiante_tb_estudiante_1` FOREIGN KEY (`fk_estudiante`) REFERENCES `tb_estudiante` (`id`))
ERROR - 2022-06-21 15:09:42 --> Cannot delete or update a parent row: a foreign key constraint fails (`db_almacen`.`op_historial_libroestudiante`, CONSTRAINT `fk_op_historial_libroestudiante_tb_estudiante_1` FOREIGN KEY (`fk_estudiante`) REFERENCES `tb_estudiante` (`id`))
ERROR - 2022-06-21 15:10:00 --> Cannot delete or update a parent row: a foreign key constraint fails (`db_almacen`.`op_historial_libroestudiante`, CONSTRAINT `fk_op_historial_libroestudiante_tb_libro_1` FOREIGN KEY (`fk_libro`) REFERENCES `tb_libro` (`id`))
ERROR - 2022-06-21 15:10:05 --> Cannot delete or update a parent row: a foreign key constraint fails (`db_almacen`.`op_historial_libroestudiante`, CONSTRAINT `fk_op_historial_libroestudiante_tb_estudiante_1` FOREIGN KEY (`fk_estudiante`) REFERENCES `tb_estudiante` (`id`))
ERROR - 2022-06-21 15:10:10 --> Cannot delete or update a parent row: a foreign key constraint fails (`db_almacen`.`op_historial_libroestudiante`, CONSTRAINT `fk_op_historial_libroestudiante_tb_estudiante_1` FOREIGN KEY (`fk_estudiante`) REFERENCES `tb_estudiante` (`id`))
ERROR - 2022-06-21 15:11:49 --> Cannot delete or update a parent row: a foreign key constraint fails (`db_almacen`.`op_historial_libroestudiante`, CONSTRAINT `fk_op_historial_libroestudiante_tb_estudiante_1` FOREIGN KEY (`fk_estudiante`) REFERENCES `tb_estudiante` (`id`))
ERROR - 2022-06-21 15:12:40 --> Cannot delete or update a parent row: a foreign key constraint fails (`db_almacen`.`op_historial_libroestudiante`, CONSTRAINT `fk_op_historial_libroestudiante_tb_libro_1` FOREIGN KEY (`fk_libro`) REFERENCES `tb_libro` (`id`))
ERROR - 2022-06-21 15:12:43 --> Cannot delete or update a parent row: a foreign key constraint fails (`db_almacen`.`op_historial_libroestudiante`, CONSTRAINT `fk_op_historial_libroestudiante_tb_libro_1` FOREIGN KEY (`fk_libro`) REFERENCES `tb_libro` (`id`))
