ERROR - 2022-06-20 17:31:33 --> Cannot delete or update a parent row: a foreign key constraint fails (`db_almacen`.`op_historial_libroestudiante`, CONSTRAINT `fk_op_historial_libroestudiante_tb_libro_1` FOREIGN KEY (`fk_libro`) REFERENCES `tb_libro` (`id`))
ERROR - 2022-06-20 17:31:48 --> Cannot delete or update a parent row: a foreign key constraint fails (`db_almacen`.`op_historial_libroestudiante`, CONSTRAINT `fk_op_historial_libroestudiante_tb_libro_1` FOREIGN KEY (`fk_libro`) REFERENCES `tb_libro` (`id`))
ERROR - 2022-06-20 17:33:23 --> Cannot delete or update a parent row: a foreign key constraint fails (`db_almacen`.`op_historial_libroestudiante`, CONSTRAINT `fk_op_historial_libroestudiante_tb_libro_1` FOREIGN KEY (`fk_libro`) REFERENCES `tb_libro` (`id`))
ERROR - 2022-06-20 17:33:47 --> Cannot delete or update a parent row: a foreign key constraint fails (`db_almacen`.`op_historial_libroestudiante`, CONSTRAINT `fk_op_historial_libroestudiante_tb_libro_1` FOREIGN KEY (`fk_libro`) REFERENCES `tb_libro` (`id`))
ERROR - 2022-06-20 17:37:50 --> Cannot delete or update a parent row: a foreign key constraint fails (`db_almacen`.`op_historial_libroestudiante`, CONSTRAINT `fk_op_historial_libroestudiante_tb_libro_1` FOREIGN KEY (`fk_libro`) REFERENCES `tb_libro` (`id`))
ERROR - 2022-06-20 17:39:20 --> Cannot delete or update a parent row: a foreign key constraint fails (`db_almacen`.`op_historial_libroestudiante`, CONSTRAINT `fk_op_historial_libroestudiante_tb_libro_1` FOREIGN KEY (`fk_libro`) REFERENCES `tb_libro` (`id`))
ERROR - 2022-06-20 17:40:22 --> Cannot delete or update a parent row: a foreign key constraint fails (`db_almacen`.`op_historial_libroestudiante`, CONSTRAINT `fk_op_historial_libroestudiante_tb_libro_1` FOREIGN KEY (`fk_libro`) REFERENCES `tb_libro` (`id`))
CRITICAL - 2022-06-20 17:46:36 --> Undefined variable $id_libro
#0 C:\xampp\htdocs\almacen\app\Controllers\Dash.php(183): CodeIgniter\Debug\Exceptions->errorHandler(2, 'Undefined varia...', 'C:\\xampp\\htdocs...', 183)
#1 C:\xampp\htdocs\almacen\system\CodeIgniter.php(832): App\Controllers\Dash->del_book()
#2 C:\xampp\htdocs\almacen\system\CodeIgniter.php(419): CodeIgniter\CodeIgniter->runController(Object(App\Controllers\Dash))
#3 C:\xampp\htdocs\almacen\system\CodeIgniter.php(326): CodeIgniter\CodeIgniter->handleRequest(NULL, Object(Config\Cache), false)
#4 C:\xampp\htdocs\almacen\public\index.php(37): CodeIgniter\CodeIgniter->run()
#5 {main}
CRITICAL - 2022-06-20 17:47:13 --> Undefined variable $id_libro
#0 C:\xampp\htdocs\almacen\app\Controllers\Dash.php(183): CodeIgniter\Debug\Exceptions->errorHandler(2, 'Undefined varia...', 'C:\\xampp\\htdocs...', 183)
#1 C:\xampp\htdocs\almacen\system\CodeIgniter.php(832): App\Controllers\Dash->del_book()
#2 C:\xampp\htdocs\almacen\system\CodeIgniter.php(419): CodeIgniter\CodeIgniter->runController(Object(App\Controllers\Dash))
#3 C:\xampp\htdocs\almacen\system\CodeIgniter.php(326): CodeIgniter\CodeIgniter->handleRequest(NULL, Object(Config\Cache), false)
#4 C:\xampp\htdocs\almacen\public\index.php(37): CodeIgniter\CodeIgniter->run()
#5 {main}
ERROR - 2022-06-20 17:47:20 --> Cannot delete or update a parent row: a foreign key constraint fails (`db_almacen`.`op_historial_libroestudiante`, CONSTRAINT `fk_op_historial_libroestudiante_tb_libro_1` FOREIGN KEY (`fk_libro`) REFERENCES `tb_libro` (`id`))
ERROR - 2022-06-20 17:49:30 --> Cannot delete or update a parent row: a foreign key constraint fails (`db_almacen`.`op_historial_libroestudiante`, CONSTRAINT `fk_op_historial_libroestudiante_tb_libro_1` FOREIGN KEY (`fk_libro`) REFERENCES `tb_libro` (`id`))
ERROR - 2022-06-20 17:49:34 --> Cannot delete or update a parent row: a foreign key constraint fails (`db_almacen`.`op_historial_libroestudiante`, CONSTRAINT `fk_op_historial_libroestudiante_tb_libro_1` FOREIGN KEY (`fk_libro`) REFERENCES `tb_libro` (`id`))
ERROR - 2022-06-20 17:50:14 --> Cannot delete or update a parent row: a foreign key constraint fails (`db_almacen`.`op_historial_libroestudiante`, CONSTRAINT `fk_op_historial_libroestudiante_tb_libro_1` FOREIGN KEY (`fk_libro`) REFERENCES `tb_libro` (`id`))
ERROR - 2022-06-20 17:51:43 --> Cannot delete or update a parent row: a foreign key constraint fails (`db_almacen`.`op_historial_libroestudiante`, CONSTRAINT `fk_op_historial_libroestudiante_tb_libro_1` FOREIGN KEY (`fk_libro`) REFERENCES `tb_libro` (`id`))
ERROR - 2022-06-20 17:52:09 --> Cannot delete or update a parent row: a foreign key constraint fails (`db_almacen`.`op_historial_libroestudiante`, CONSTRAINT `fk_op_historial_libroestudiante_tb_libro_1` FOREIGN KEY (`fk_libro`) REFERENCES `tb_libro` (`id`))
ERROR - 2022-06-20 17:52:48 --> Cannot delete or update a parent row: a foreign key constraint fails (`db_almacen`.`op_historial_libroestudiante`, CONSTRAINT `fk_op_historial_libroestudiante_tb_libro_1` FOREIGN KEY (`fk_libro`) REFERENCES `tb_libro` (`id`))
ERROR - 2022-06-20 17:52:52 --> Cannot delete or update a parent row: a foreign key constraint fails (`db_almacen`.`op_historial_libroestudiante`, CONSTRAINT `fk_op_historial_libroestudiante_tb_libro_1` FOREIGN KEY (`fk_libro`) REFERENCES `tb_libro` (`id`))
ERROR - 2022-06-20 17:59:46 --> Cannot delete or update a parent row: a foreign key constraint fails (`db_almacen`.`op_historial_libroestudiante`, CONSTRAINT `fk_op_historial_libroestudiante_tb_libro_1` FOREIGN KEY (`fk_libro`) REFERENCES `tb_libro` (`id`))
ERROR - 2022-06-20 18:05:13 --> Cannot delete or update a parent row: a foreign key constraint fails (`db_almacen`.`op_historial_libroestudiante`, CONSTRAINT `fk_op_historial_libroestudiante_tb_libro_1` FOREIGN KEY (`fk_libro`) REFERENCES `tb_libro` (`id`))
ERROR - 2022-06-20 18:09:24 --> Cannot delete or update a parent row: a foreign key constraint fails (`db_almacen`.`op_historial_libroestudiante`, CONSTRAINT `fk_op_historial_libroestudiante_tb_libro_1` FOREIGN KEY (`fk_libro`) REFERENCES `tb_libro` (`id`))
ERROR - 2022-06-20 18:10:28 --> Cannot delete or update a parent row: a foreign key constraint fails (`db_almacen`.`op_historial_libroestudiante`, CONSTRAINT `fk_op_historial_libroestudiante_tb_libro_1` FOREIGN KEY (`fk_libro`) REFERENCES `tb_libro` (`id`))
ERROR - 2022-06-20 18:21:02 --> Cannot delete or update a parent row: a foreign key constraint fails (`db_almacen`.`op_historial_libroestudiante`, CONSTRAINT `fk_op_historial_libroestudiante_tb_libro_1` FOREIGN KEY (`fk_libro`) REFERENCES `tb_libro` (`id`))
ERROR - 2022-06-20 18:21:49 --> Cannot delete or update a parent row: a foreign key constraint fails (`db_almacen`.`op_historial_libroestudiante`, CONSTRAINT `fk_op_historial_libroestudiante_tb_libro_1` FOREIGN KEY (`fk_libro`) REFERENCES `tb_libro` (`id`))
ERROR - 2022-06-20 18:23:16 --> Cannot delete or update a parent row: a foreign key constraint fails (`db_almacen`.`op_historial_libroestudiante`, CONSTRAINT `fk_op_historial_libroestudiante_tb_libro_1` FOREIGN KEY (`fk_libro`) REFERENCES `tb_libro` (`id`))
ERROR - 2022-06-20 18:26:50 --> Cannot delete or update a parent row: a foreign key constraint fails (`db_almacen`.`op_historial_libroestudiante`, CONSTRAINT `fk_op_historial_libroestudiante_tb_libro_1` FOREIGN KEY (`fk_libro`) REFERENCES `tb_libro` (`id`))
ERROR - 2022-06-20 18:27:22 --> Cannot delete or update a parent row: a foreign key constraint fails (`db_almacen`.`op_historial_libroestudiante`, CONSTRAINT `fk_op_historial_libroestudiante_tb_libro_1` FOREIGN KEY (`fk_libro`) REFERENCES `tb_libro` (`id`))
ERROR - 2022-06-20 18:27:40 --> Cannot delete or update a parent row: a foreign key constraint fails (`db_almacen`.`op_historial_libroestudiante`, CONSTRAINT `fk_op_historial_libroestudiante_tb_libro_1` FOREIGN KEY (`fk_libro`) REFERENCES `tb_libro` (`id`))
ERROR - 2022-06-20 18:30:23 --> Cannot delete or update a parent row: a foreign key constraint fails (`db_almacen`.`op_historial_libroestudiante`, CONSTRAINT `fk_op_historial_libroestudiante_tb_libro_1` FOREIGN KEY (`fk_libro`) REFERENCES `tb_libro` (`id`))
ERROR - 2022-06-20 18:30:52 --> Cannot delete or update a parent row: a foreign key constraint fails (`db_almacen`.`op_historial_libroestudiante`, CONSTRAINT `fk_op_historial_libroestudiante_tb_libro_1` FOREIGN KEY (`fk_libro`) REFERENCES `tb_libro` (`id`))
ERROR - 2022-06-20 18:34:58 --> Cannot delete or update a parent row: a foreign key constraint fails (`db_almacen`.`op_historial_libroestudiante`, CONSTRAINT `fk_op_historial_libroestudiante_tb_libro_1` FOREIGN KEY (`fk_libro`) REFERENCES `tb_libro` (`id`))
ERROR - 2022-06-20 18:42:22 --> Cannot delete or update a parent row: a foreign key constraint fails (`db_almacen`.`op_historial_libroestudiante`, CONSTRAINT `fk_op_historial_libroestudiante_tb_libro_1` FOREIGN KEY (`fk_libro`) REFERENCES `tb_libro` (`id`))
ERROR - 2022-06-20 18:46:04 --> Cannot delete or update a parent row: a foreign key constraint fails (`db_almacen`.`op_historial_libroestudiante`, CONSTRAINT `fk_op_historial_libroestudiante_tb_libro_1` FOREIGN KEY (`fk_libro`) REFERENCES `tb_libro` (`id`))
ERROR - 2022-06-20 18:46:50 --> Cannot delete or update a parent row: a foreign key constraint fails (`db_almacen`.`op_historial_libroestudiante`, CONSTRAINT `fk_op_historial_libroestudiante_tb_libro_1` FOREIGN KEY (`fk_libro`) REFERENCES `tb_libro` (`id`))
ERROR - 2022-06-20 18:47:52 --> Cannot delete or update a parent row: a foreign key constraint fails (`db_almacen`.`op_historial_libroestudiante`, CONSTRAINT `fk_op_historial_libroestudiante_tb_libro_1` FOREIGN KEY (`fk_libro`) REFERENCES `tb_libro` (`id`))
ERROR - 2022-06-20 18:49:00 --> Cannot delete or update a parent row: a foreign key constraint fails (`db_almacen`.`op_historial_libroestudiante`, CONSTRAINT `fk_op_historial_libroestudiante_tb_libro_1` FOREIGN KEY (`fk_libro`) REFERENCES `tb_libro` (`id`))
ERROR - 2022-06-20 18:51:28 --> Cannot delete or update a parent row: a foreign key constraint fails (`db_almacen`.`op_historial_libroestudiante`, CONSTRAINT `fk_op_historial_libroestudiante_tb_libro_1` FOREIGN KEY (`fk_libro`) REFERENCES `tb_libro` (`id`))
ERROR - 2022-06-20 18:51:38 --> Cannot delete or update a parent row: a foreign key constraint fails (`db_almacen`.`op_historial_libroestudiante`, CONSTRAINT `fk_op_historial_libroestudiante_tb_libro_1` FOREIGN KEY (`fk_libro`) REFERENCES `tb_libro` (`id`))
ERROR - 2022-06-20 18:53:03 --> Cannot delete or update a parent row: a foreign key constraint fails (`db_almacen`.`op_historial_libroestudiante`, CONSTRAINT `fk_op_historial_libroestudiante_tb_libro_1` FOREIGN KEY (`fk_libro`) REFERENCES `tb_libro` (`id`))
ERROR - 2022-06-20 18:53:59 --> Cannot delete or update a parent row: a foreign key constraint fails (`db_almacen`.`op_historial_libroestudiante`, CONSTRAINT `fk_op_historial_libroestudiante_tb_libro_1` FOREIGN KEY (`fk_libro`) REFERENCES `tb_libro` (`id`))
ERROR - 2022-06-20 18:57:27 --> Cannot delete or update a parent row: a foreign key constraint fails (`db_almacen`.`op_historial_libroestudiante`, CONSTRAINT `fk_op_historial_libroestudiante_tb_libro_1` FOREIGN KEY (`fk_libro`) REFERENCES `tb_libro` (`id`))
ERROR - 2022-06-20 18:58:04 --> Cannot delete or update a parent row: a foreign key constraint fails (`db_almacen`.`op_historial_libroestudiante`, CONSTRAINT `fk_op_historial_libroestudiante_tb_libro_1` FOREIGN KEY (`fk_libro`) REFERENCES `tb_libro` (`id`))
ERROR - 2022-06-20 18:59:31 --> Cannot delete or update a parent row: a foreign key constraint fails (`db_almacen`.`op_historial_libroestudiante`, CONSTRAINT `fk_op_historial_libroestudiante_tb_libro_1` FOREIGN KEY (`fk_libro`) REFERENCES `tb_libro` (`id`))
ERROR - 2022-06-20 19:00:18 --> Cannot delete or update a parent row: a foreign key constraint fails (`db_almacen`.`op_historial_libroestudiante`, CONSTRAINT `fk_op_historial_libroestudiante_tb_libro_1` FOREIGN KEY (`fk_libro`) REFERENCES `tb_libro` (`id`))
ERROR - 2022-06-20 19:02:56 --> Cannot delete or update a parent row: a foreign key constraint fails (`db_almacen`.`op_historial_libroestudiante`, CONSTRAINT `fk_op_historial_libroestudiante_tb_libro_1` FOREIGN KEY (`fk_libro`) REFERENCES `tb_libro` (`id`))
ERROR - 2022-06-20 19:04:48 --> Cannot delete or update a parent row: a foreign key constraint fails (`db_almacen`.`op_historial_libroestudiante`, CONSTRAINT `fk_op_historial_libroestudiante_tb_libro_1` FOREIGN KEY (`fk_libro`) REFERENCES `tb_libro` (`id`))
ERROR - 2022-06-20 19:10:13 --> Cannot delete or update a parent row: a foreign key constraint fails (`db_almacen`.`op_historial_libroestudiante`, CONSTRAINT `fk_op_historial_libroestudiante_tb_libro_1` FOREIGN KEY (`fk_libro`) REFERENCES `tb_libro` (`id`))
ERROR - 2022-06-20 19:10:47 --> Cannot delete or update a parent row: a foreign key constraint fails (`db_almacen`.`op_historial_libroestudiante`, CONSTRAINT `fk_op_historial_libroestudiante_tb_libro_1` FOREIGN KEY (`fk_libro`) REFERENCES `tb_libro` (`id`))
ERROR - 2022-06-20 19:16:58 --> Cannot delete or update a parent row: a foreign key constraint fails (`db_almacen`.`op_historial_libroestudiante`, CONSTRAINT `fk_op_historial_libroestudiante_tb_libro_1` FOREIGN KEY (`fk_libro`) REFERENCES `tb_libro` (`id`))
ERROR - 2022-06-20 19:19:31 --> Cannot delete or update a parent row: a foreign key constraint fails (`db_almacen`.`op_historial_libroestudiante`, CONSTRAINT `fk_op_historial_libroestudiante_tb_libro_1` FOREIGN KEY (`fk_libro`) REFERENCES `tb_libro` (`id`))
ERROR - 2022-06-20 19:20:33 --> Cannot delete or update a parent row: a foreign key constraint fails (`db_almacen`.`op_historial_libroestudiante`, CONSTRAINT `fk_op_historial_libroestudiante_tb_libro_1` FOREIGN KEY (`fk_libro`) REFERENCES `tb_libro` (`id`))
ERROR - 2022-06-20 19:22:14 --> Cannot delete or update a parent row: a foreign key constraint fails (`db_almacen`.`op_historial_libroestudiante`, CONSTRAINT `fk_op_historial_libroestudiante_tb_libro_1` FOREIGN KEY (`fk_libro`) REFERENCES `tb_libro` (`id`))
ERROR - 2022-06-20 19:22:37 --> Cannot delete or update a parent row: a foreign key constraint fails (`db_almacen`.`op_historial_libroestudiante`, CONSTRAINT `fk_op_historial_libroestudiante_tb_libro_1` FOREIGN KEY (`fk_libro`) REFERENCES `tb_libro` (`id`))
ERROR - 2022-06-20 19:23:13 --> Cannot delete or update a parent row: a foreign key constraint fails (`db_almacen`.`op_historial_libroestudiante`, CONSTRAINT `fk_op_historial_libroestudiante_tb_libro_1` FOREIGN KEY (`fk_libro`) REFERENCES `tb_libro` (`id`))
ERROR - 2022-06-20 19:24:42 --> Cannot delete or update a parent row: a foreign key constraint fails (`db_almacen`.`op_historial_libroestudiante`, CONSTRAINT `fk_op_historial_libroestudiante_tb_libro_1` FOREIGN KEY (`fk_libro`) REFERENCES `tb_libro` (`id`))
ERROR - 2022-06-20 19:27:05 --> Cannot delete or update a parent row: a foreign key constraint fails (`db_almacen`.`op_historial_libroestudiante`, CONSTRAINT `fk_op_historial_libroestudiante_tb_libro_1` FOREIGN KEY (`fk_libro`) REFERENCES `tb_libro` (`id`))
ERROR - 2022-06-20 19:31:11 --> Cannot delete or update a parent row: a foreign key constraint fails (`db_almacen`.`op_historial_libroestudiante`, CONSTRAINT `fk_op_historial_libroestudiante_tb_libro_1` FOREIGN KEY (`fk_libro`) REFERENCES `tb_libro` (`id`))
ERROR - 2022-06-20 19:31:55 --> Cannot delete or update a parent row: a foreign key constraint fails (`db_almacen`.`op_historial_libroestudiante`, CONSTRAINT `fk_op_historial_libroestudiante_tb_libro_1` FOREIGN KEY (`fk_libro`) REFERENCES `tb_libro` (`id`))
