ERROR - 2022-06-01 10:12:15 --> Error connecting to the database: Access denied for user ''@'localhost' (using password: NO)
CRITICAL - 2022-06-01 10:12:15 --> Unable to connect to the database.
Main connection [MySQLi]: Access denied for user ''@'localhost' (using password: NO)
#0 C:\xampp\htdocs\almacen\system\Database\BaseConnection.php(577): CodeIgniter\Database\BaseConnection->initialize()
#1 C:\xampp\htdocs\almacen\system\Database\BaseBuilder.php(1455): CodeIgniter\Database\BaseConnection->query('SELECT *\nFROM `...', Array, false)
#2 C:\xampp\htdocs\almacen\system\Model.php(183): CodeIgniter\Database\BaseBuilder->get()
#3 C:\xampp\htdocs\almacen\system\BaseModel.php(584): CodeIgniter\Model->doFindAll(0, 0)
#4 C:\xampp\htdocs\almacen\app\Controllers\Dash.php(13): CodeIgniter\BaseModel->findAll()
#5 C:\xampp\htdocs\almacen\system\CodeIgniter.php(832): App\Controllers\Dash->index()
#6 C:\xampp\htdocs\almacen\system\CodeIgniter.php(419): CodeIgniter\CodeIgniter->runController(Object(App\Controllers\Dash))
#7 C:\xampp\htdocs\almacen\system\CodeIgniter.php(326): CodeIgniter\CodeIgniter->handleRequest(NULL, Object(Config\Cache), false)
#8 C:\xampp\htdocs\almacen\public\index.php(37): CodeIgniter\CodeIgniter->run()
#9 {main}
CRITICAL - 2022-06-01 10:20:39 --> Undefined variable $carrera
#0 C:\xampp\htdocs\almacen\app\Controllers\Dash.php(16): CodeIgniter\Debug\Exceptions->errorHandler(2, 'Undefined varia...', 'C:\\xampp\\htdocs...', 16)
#1 C:\xampp\htdocs\almacen\system\CodeIgniter.php(832): App\Controllers\Dash->index()
#2 C:\xampp\htdocs\almacen\system\CodeIgniter.php(419): CodeIgniter\CodeIgniter->runController(Object(App\Controllers\Dash))
#3 C:\xampp\htdocs\almacen\system\CodeIgniter.php(326): CodeIgniter\CodeIgniter->handleRequest(NULL, Object(Config\Cache), false)
#4 C:\xampp\htdocs\almacen\public\index.php(37): CodeIgniter\CodeIgniter->run()
#5 {main}
CRITICAL - 2022-06-01 10:54:37 --> Undefined array key "carrera"
#0 C:\xampp\htdocs\almacen\app\Views\pages\estudiante.php(94): CodeIgniter\Debug\Exceptions->errorHandler(2, 'Undefined array...', 'C:\\xampp\\htdocs...', 94)
#1 C:\xampp\htdocs\almacen\system\View\View.php(210): include('C:\\xampp\\htdocs...')
#2 C:\xampp\htdocs\almacen\system\View\View.php(213): CodeIgniter\View\View->CodeIgniter\View\{closure}()
#3 C:\xampp\htdocs\almacen\system\View\View.php(424): CodeIgniter\View\View->render('pages/estudiant...', NULL, true)
#4 C:\xampp\htdocs\almacen\app\Views\template\main.php(10): CodeIgniter\View\View->include('pages/estudiant...')
#5 C:\xampp\htdocs\almacen\system\View\View.php(210): include('C:\\xampp\\htdocs...')
#6 C:\xampp\htdocs\almacen\system\View\View.php(213): CodeIgniter\View\View->CodeIgniter\View\{closure}()
#7 C:\xampp\htdocs\almacen\system\Common.php(1089): CodeIgniter\View\View->render('template/main', Array, true)
#8 C:\xampp\htdocs\almacen\app\Controllers\Dash.php(23): view('template/main', Array)
#9 C:\xampp\htdocs\almacen\system\CodeIgniter.php(832): App\Controllers\Dash->index()
#10 C:\xampp\htdocs\almacen\system\CodeIgniter.php(419): CodeIgniter\CodeIgniter->runController(Object(App\Controllers\Dash))
#11 C:\xampp\htdocs\almacen\system\CodeIgniter.php(326): CodeIgniter\CodeIgniter->handleRequest(NULL, Object(Config\Cache), false)
#12 C:\xampp\htdocs\almacen\public\index.php(37): CodeIgniter\CodeIgniter->run()
#13 {main}
CRITICAL - 2022-06-01 10:54:41 --> Undefined array key "carrera"
#0 C:\xampp\htdocs\almacen\app\Views\pages\estudiante.php(94): CodeIgniter\Debug\Exceptions->errorHandler(2, 'Undefined array...', 'C:\\xampp\\htdocs...', 94)
#1 C:\xampp\htdocs\almacen\system\View\View.php(210): include('C:\\xampp\\htdocs...')
#2 C:\xampp\htdocs\almacen\system\View\View.php(213): CodeIgniter\View\View->CodeIgniter\View\{closure}()
#3 C:\xampp\htdocs\almacen\system\View\View.php(424): CodeIgniter\View\View->render('pages/estudiant...', NULL, true)
#4 C:\xampp\htdocs\almacen\app\Views\template\main.php(10): CodeIgniter\View\View->include('pages/estudiant...')
#5 C:\xampp\htdocs\almacen\system\View\View.php(210): include('C:\\xampp\\htdocs...')
#6 C:\xampp\htdocs\almacen\system\View\View.php(213): CodeIgniter\View\View->CodeIgniter\View\{closure}()
#7 C:\xampp\htdocs\almacen\system\Common.php(1089): CodeIgniter\View\View->render('template/main', Array, true)
#8 C:\xampp\htdocs\almacen\app\Controllers\Dash.php(23): view('template/main', Array)
#9 C:\xampp\htdocs\almacen\system\CodeIgniter.php(832): App\Controllers\Dash->index()
#10 C:\xampp\htdocs\almacen\system\CodeIgniter.php(419): CodeIgniter\CodeIgniter->runController(Object(App\Controllers\Dash))
#11 C:\xampp\htdocs\almacen\system\CodeIgniter.php(326): CodeIgniter\CodeIgniter->handleRequest(NULL, Object(Config\Cache), false)
#12 C:\xampp\htdocs\almacen\public\index.php(37): CodeIgniter\CodeIgniter->run()
#13 {main}
CRITICAL - 2022-06-01 11:53:44 --> Array to string conversion
#0 C:\xampp\htdocs\almacen\app\Controllers\Dash.php(38): CodeIgniter\Debug\Exceptions->errorHandler(2, 'Array to string...', 'C:\\xampp\\htdocs...', 38)
#1 C:\xampp\htdocs\almacen\system\CodeIgniter.php(832): App\Controllers\Dash->save_student()
#2 C:\xampp\htdocs\almacen\system\CodeIgniter.php(419): CodeIgniter\CodeIgniter->runController(Object(App\Controllers\Dash))
#3 C:\xampp\htdocs\almacen\system\CodeIgniter.php(326): CodeIgniter\CodeIgniter->handleRequest(NULL, Object(Config\Cache), false)
#4 C:\xampp\htdocs\almacen\public\index.php(37): CodeIgniter\CodeIgniter->run()
#5 {main}
CRITICAL - 2022-06-01 11:53:45 --> Array to string conversion
#0 C:\xampp\htdocs\almacen\app\Controllers\Dash.php(38): CodeIgniter\Debug\Exceptions->errorHandler(2, 'Array to string...', 'C:\\xampp\\htdocs...', 38)
#1 C:\xampp\htdocs\almacen\system\CodeIgniter.php(832): App\Controllers\Dash->save_student()
#2 C:\xampp\htdocs\almacen\system\CodeIgniter.php(419): CodeIgniter\CodeIgniter->runController(Object(App\Controllers\Dash))
#3 C:\xampp\htdocs\almacen\system\CodeIgniter.php(326): CodeIgniter\CodeIgniter->handleRequest(NULL, Object(Config\Cache), false)
#4 C:\xampp\htdocs\almacen\public\index.php(37): CodeIgniter\CodeIgniter->run()
#5 {main}
CRITICAL - 2022-06-01 11:53:45 --> Array to string conversion
#0 C:\xampp\htdocs\almacen\app\Controllers\Dash.php(38): CodeIgniter\Debug\Exceptions->errorHandler(2, 'Array to string...', 'C:\\xampp\\htdocs...', 38)
#1 C:\xampp\htdocs\almacen\system\CodeIgniter.php(832): App\Controllers\Dash->save_student()
#2 C:\xampp\htdocs\almacen\system\CodeIgniter.php(419): CodeIgniter\CodeIgniter->runController(Object(App\Controllers\Dash))
#3 C:\xampp\htdocs\almacen\system\CodeIgniter.php(326): CodeIgniter\CodeIgniter->handleRequest(NULL, Object(Config\Cache), false)
#4 C:\xampp\htdocs\almacen\public\index.php(37): CodeIgniter\CodeIgniter->run()
#5 {main}
CRITICAL - 2022-06-01 12:10:43 --> Call to a member function listErrors() on array
#0 C:\xampp\htdocs\almacen\system\CodeIgniter.php(832): App\Controllers\Dash->save_student()
#1 C:\xampp\htdocs\almacen\system\CodeIgniter.php(419): CodeIgniter\CodeIgniter->runController(Object(App\Controllers\Dash))
#2 C:\xampp\htdocs\almacen\system\CodeIgniter.php(326): CodeIgniter\CodeIgniter->handleRequest(NULL, Object(Config\Cache), false)
#3 C:\xampp\htdocs\almacen\public\index.php(37): CodeIgniter\CodeIgniter->run()
#4 {main}
CRITICAL - 2022-06-01 12:10:43 --> Call to a member function listErrors() on array
#0 C:\xampp\htdocs\almacen\system\CodeIgniter.php(832): App\Controllers\Dash->save_student()
#1 C:\xampp\htdocs\almacen\system\CodeIgniter.php(419): CodeIgniter\CodeIgniter->runController(Object(App\Controllers\Dash))
#2 C:\xampp\htdocs\almacen\system\CodeIgniter.php(326): CodeIgniter\CodeIgniter->handleRequest(NULL, Object(Config\Cache), false)
#3 C:\xampp\htdocs\almacen\public\index.php(37): CodeIgniter\CodeIgniter->run()
#4 {main}
CRITICAL - 2022-06-01 12:10:44 --> Call to a member function listErrors() on array
#0 C:\xampp\htdocs\almacen\system\CodeIgniter.php(832): App\Controllers\Dash->save_student()
#1 C:\xampp\htdocs\almacen\system\CodeIgniter.php(419): CodeIgniter\CodeIgniter->runController(Object(App\Controllers\Dash))
#2 C:\xampp\htdocs\almacen\system\CodeIgniter.php(326): CodeIgniter\CodeIgniter->handleRequest(NULL, Object(Config\Cache), false)
#3 C:\xampp\htdocs\almacen\public\index.php(37): CodeIgniter\CodeIgniter->run()
#4 {main}
CRITICAL - 2022-06-01 12:10:44 --> Call to a member function listErrors() on array
#0 C:\xampp\htdocs\almacen\system\CodeIgniter.php(832): App\Controllers\Dash->save_student()
#1 C:\xampp\htdocs\almacen\system\CodeIgniter.php(419): CodeIgniter\CodeIgniter->runController(Object(App\Controllers\Dash))
#2 C:\xampp\htdocs\almacen\system\CodeIgniter.php(326): CodeIgniter\CodeIgniter->handleRequest(NULL, Object(Config\Cache), false)
#3 C:\xampp\htdocs\almacen\public\index.php(37): CodeIgniter\CodeIgniter->run()
#4 {main}
CRITICAL - 2022-06-01 12:10:45 --> Call to a member function listErrors() on array
#0 C:\xampp\htdocs\almacen\system\CodeIgniter.php(832): App\Controllers\Dash->save_student()
#1 C:\xampp\htdocs\almacen\system\CodeIgniter.php(419): CodeIgniter\CodeIgniter->runController(Object(App\Controllers\Dash))
#2 C:\xampp\htdocs\almacen\system\CodeIgniter.php(326): CodeIgniter\CodeIgniter->handleRequest(NULL, Object(Config\Cache), false)
#3 C:\xampp\htdocs\almacen\public\index.php(37): CodeIgniter\CodeIgniter->run()
#4 {main}
CRITICAL - 2022-06-01 12:10:45 --> Call to a member function listErrors() on array
#0 C:\xampp\htdocs\almacen\system\CodeIgniter.php(832): App\Controllers\Dash->save_student()
#1 C:\xampp\htdocs\almacen\system\CodeIgniter.php(419): CodeIgniter\CodeIgniter->runController(Object(App\Controllers\Dash))
#2 C:\xampp\htdocs\almacen\system\CodeIgniter.php(326): CodeIgniter\CodeIgniter->handleRequest(NULL, Object(Config\Cache), false)
#3 C:\xampp\htdocs\almacen\public\index.php(37): CodeIgniter\CodeIgniter->run()
#4 {main}
CRITICAL - 2022-06-01 12:10:47 --> Call to a member function listErrors() on array
#0 C:\xampp\htdocs\almacen\system\CodeIgniter.php(832): App\Controllers\Dash->save_student()
#1 C:\xampp\htdocs\almacen\system\CodeIgniter.php(419): CodeIgniter\CodeIgniter->runController(Object(App\Controllers\Dash))
#2 C:\xampp\htdocs\almacen\system\CodeIgniter.php(326): CodeIgniter\CodeIgniter->handleRequest(NULL, Object(Config\Cache), false)
#3 C:\xampp\htdocs\almacen\public\index.php(37): CodeIgniter\CodeIgniter->run()
#4 {main}
CRITICAL - 2022-06-01 12:10:48 --> Call to a member function listErrors() on array
#0 C:\xampp\htdocs\almacen\system\CodeIgniter.php(832): App\Controllers\Dash->save_student()
#1 C:\xampp\htdocs\almacen\system\CodeIgniter.php(419): CodeIgniter\CodeIgniter->runController(Object(App\Controllers\Dash))
#2 C:\xampp\htdocs\almacen\system\CodeIgniter.php(326): CodeIgniter\CodeIgniter->handleRequest(NULL, Object(Config\Cache), false)
#3 C:\xampp\htdocs\almacen\public\index.php(37): CodeIgniter\CodeIgniter->run()
#4 {main}
CRITICAL - 2022-06-01 12:10:48 --> Call to a member function listErrors() on array
#0 C:\xampp\htdocs\almacen\system\CodeIgniter.php(832): App\Controllers\Dash->save_student()
#1 C:\xampp\htdocs\almacen\system\CodeIgniter.php(419): CodeIgniter\CodeIgniter->runController(Object(App\Controllers\Dash))
#2 C:\xampp\htdocs\almacen\system\CodeIgniter.php(326): CodeIgniter\CodeIgniter->handleRequest(NULL, Object(Config\Cache), false)
#3 C:\xampp\htdocs\almacen\public\index.php(37): CodeIgniter\CodeIgniter->run()
#4 {main}
CRITICAL - 2022-06-01 14:55:26 --> Undefined variable $lasname
#0 C:\xampp\htdocs\almacen\app\Controllers\Dash.php(45): CodeIgniter\Debug\Exceptions->errorHandler(2, 'Undefined varia...', 'C:\\xampp\\htdocs...', 45)
#1 C:\xampp\htdocs\almacen\system\CodeIgniter.php(832): App\Controllers\Dash->save_student()
#2 C:\xampp\htdocs\almacen\system\CodeIgniter.php(419): CodeIgniter\CodeIgniter->runController(Object(App\Controllers\Dash))
#3 C:\xampp\htdocs\almacen\system\CodeIgniter.php(326): CodeIgniter\CodeIgniter->handleRequest(NULL, Object(Config\Cache), false)
#4 C:\xampp\htdocs\almacen\public\index.php(37): CodeIgniter\CodeIgniter->run()
#5 {main}
CRITICAL - 2022-06-01 14:55:32 --> Undefined variable $lasname
#0 C:\xampp\htdocs\almacen\app\Controllers\Dash.php(45): CodeIgniter\Debug\Exceptions->errorHandler(2, 'Undefined varia...', 'C:\\xampp\\htdocs...', 45)
#1 C:\xampp\htdocs\almacen\system\CodeIgniter.php(832): App\Controllers\Dash->save_student()
#2 C:\xampp\htdocs\almacen\system\CodeIgniter.php(419): CodeIgniter\CodeIgniter->runController(Object(App\Controllers\Dash))
#3 C:\xampp\htdocs\almacen\system\CodeIgniter.php(326): CodeIgniter\CodeIgniter->handleRequest(NULL, Object(Config\Cache), false)
#4 C:\xampp\htdocs\almacen\public\index.php(37): CodeIgniter\CodeIgniter->run()
#5 {main}
CRITICAL - 2022-06-01 14:56:47 --> Undefined variable $lasname
#0 C:\xampp\htdocs\almacen\app\Controllers\Dash.php(45): CodeIgniter\Debug\Exceptions->errorHandler(2, 'Undefined varia...', 'C:\\xampp\\htdocs...', 45)
#1 C:\xampp\htdocs\almacen\system\CodeIgniter.php(832): App\Controllers\Dash->save_student()
#2 C:\xampp\htdocs\almacen\system\CodeIgniter.php(419): CodeIgniter\CodeIgniter->runController(Object(App\Controllers\Dash))
#3 C:\xampp\htdocs\almacen\system\CodeIgniter.php(326): CodeIgniter\CodeIgniter->handleRequest(NULL, Object(Config\Cache), false)
#4 C:\xampp\htdocs\almacen\public\index.php(37): CodeIgniter\CodeIgniter->run()
#5 {main}
CRITICAL - 2022-06-01 14:56:51 --> Undefined variable $lasname
#0 C:\xampp\htdocs\almacen\app\Controllers\Dash.php(45): CodeIgniter\Debug\Exceptions->errorHandler(2, 'Undefined varia...', 'C:\\xampp\\htdocs...', 45)
#1 C:\xampp\htdocs\almacen\system\CodeIgniter.php(832): App\Controllers\Dash->save_student()
#2 C:\xampp\htdocs\almacen\system\CodeIgniter.php(419): CodeIgniter\CodeIgniter->runController(Object(App\Controllers\Dash))
#3 C:\xampp\htdocs\almacen\system\CodeIgniter.php(326): CodeIgniter\CodeIgniter->handleRequest(NULL, Object(Config\Cache), false)
#4 C:\xampp\htdocs\almacen\public\index.php(37): CodeIgniter\CodeIgniter->run()
#5 {main}
CRITICAL - 2022-06-01 14:56:52 --> Undefined variable $lasname
#0 C:\xampp\htdocs\almacen\app\Controllers\Dash.php(45): CodeIgniter\Debug\Exceptions->errorHandler(2, 'Undefined varia...', 'C:\\xampp\\htdocs...', 45)
#1 C:\xampp\htdocs\almacen\system\CodeIgniter.php(832): App\Controllers\Dash->save_student()
#2 C:\xampp\htdocs\almacen\system\CodeIgniter.php(419): CodeIgniter\CodeIgniter->runController(Object(App\Controllers\Dash))
#3 C:\xampp\htdocs\almacen\system\CodeIgniter.php(326): CodeIgniter\CodeIgniter->handleRequest(NULL, Object(Config\Cache), false)
#4 C:\xampp\htdocs\almacen\public\index.php(37): CodeIgniter\CodeIgniter->run()
#5 {main}
CRITICAL - 2022-06-01 14:56:52 --> Undefined variable $lasname
#0 C:\xampp\htdocs\almacen\app\Controllers\Dash.php(45): CodeIgniter\Debug\Exceptions->errorHandler(2, 'Undefined varia...', 'C:\\xampp\\htdocs...', 45)
#1 C:\xampp\htdocs\almacen\system\CodeIgniter.php(832): App\Controllers\Dash->save_student()
#2 C:\xampp\htdocs\almacen\system\CodeIgniter.php(419): CodeIgniter\CodeIgniter->runController(Object(App\Controllers\Dash))
#3 C:\xampp\htdocs\almacen\system\CodeIgniter.php(326): CodeIgniter\CodeIgniter->handleRequest(NULL, Object(Config\Cache), false)
#4 C:\xampp\htdocs\almacen\public\index.php(37): CodeIgniter\CodeIgniter->run()
#5 {main}
