CRITICAL - 2022-06-09 11:21:35 --> Archivo inválido: pages/dependencias/venta.php
#0 C:\xampp\htdocs\almacen\system\View\View.php(198): CodeIgniter\Exceptions\FrameworkException::forInvalidFile('pages/dependenc...')
#1 C:\xampp\htdocs\almacen\system\View\View.php(424): CodeIgniter\View\View->render('pages/dependenc...', NULL, true)
#2 C:\xampp\htdocs\almacen\app\Views\pages\estudiante.php(247): CodeIgniter\View\View->include('pages/dependenc...')
#3 C:\xampp\htdocs\almacen\system\View\View.php(210): include('C:\\xampp\\htdocs...')
#4 C:\xampp\htdocs\almacen\system\View\View.php(213): CodeIgniter\View\View->CodeIgniter\View\{closure}()
#5 C:\xampp\htdocs\almacen\system\View\View.php(424): CodeIgniter\View\View->render('pages/estudiant...', NULL, true)
#6 C:\xampp\htdocs\almacen\app\Views\template\main.php(10): CodeIgniter\View\View->include('pages/estudiant...')
#7 C:\xampp\htdocs\almacen\system\View\View.php(210): include('C:\\xampp\\htdocs...')
#8 C:\xampp\htdocs\almacen\system\View\View.php(213): CodeIgniter\View\View->CodeIgniter\View\{closure}()
#9 C:\xampp\htdocs\almacen\system\Common.php(1089): CodeIgniter\View\View->render('template/main', Array, true)
#10 C:\xampp\htdocs\almacen\app\Controllers\Dash.php(24): view('template/main', Array)
#11 C:\xampp\htdocs\almacen\system\CodeIgniter.php(832): App\Controllers\Dash->index()
#12 C:\xampp\htdocs\almacen\system\CodeIgniter.php(419): CodeIgniter\CodeIgniter->runController(Object(App\Controllers\Dash))
#13 C:\xampp\htdocs\almacen\system\CodeIgniter.php(326): CodeIgniter\CodeIgniter->handleRequest(NULL, Object(Config\Cache), false)
#14 C:\xampp\htdocs\almacen\public\index.php(37): CodeIgniter\CodeIgniter->run()
#15 {main}
CRITICAL - 2022-06-09 11:21:40 --> Archivo inválido: pages/dependencias/venta.php
#0 C:\xampp\htdocs\almacen\system\View\View.php(198): CodeIgniter\Exceptions\FrameworkException::forInvalidFile('pages/dependenc...')
#1 C:\xampp\htdocs\almacen\system\View\View.php(424): CodeIgniter\View\View->render('pages/dependenc...', NULL, true)
#2 C:\xampp\htdocs\almacen\app\Views\pages\estudiante.php(247): CodeIgniter\View\View->include('pages/dependenc...')
#3 C:\xampp\htdocs\almacen\system\View\View.php(210): include('C:\\xampp\\htdocs...')
#4 C:\xampp\htdocs\almacen\system\View\View.php(213): CodeIgniter\View\View->CodeIgniter\View\{closure}()
#5 C:\xampp\htdocs\almacen\system\View\View.php(424): CodeIgniter\View\View->render('pages/estudiant...', NULL, true)
#6 C:\xampp\htdocs\almacen\app\Views\template\main.php(10): CodeIgniter\View\View->include('pages/estudiant...')
#7 C:\xampp\htdocs\almacen\system\View\View.php(210): include('C:\\xampp\\htdocs...')
#8 C:\xampp\htdocs\almacen\system\View\View.php(213): CodeIgniter\View\View->CodeIgniter\View\{closure}()
#9 C:\xampp\htdocs\almacen\system\Common.php(1089): CodeIgniter\View\View->render('template/main', Array, true)
#10 C:\xampp\htdocs\almacen\app\Controllers\Dash.php(24): view('template/main', Array)
#11 C:\xampp\htdocs\almacen\system\CodeIgniter.php(832): App\Controllers\Dash->index()
#12 C:\xampp\htdocs\almacen\system\CodeIgniter.php(419): CodeIgniter\CodeIgniter->runController(Object(App\Controllers\Dash))
#13 C:\xampp\htdocs\almacen\system\CodeIgniter.php(326): CodeIgniter\CodeIgniter->handleRequest(NULL, Object(Config\Cache), false)
#14 C:\xampp\htdocs\almacen\public\index.php(37): CodeIgniter\CodeIgniter->run()
#15 {main}
CRITICAL - 2022-06-09 11:21:42 --> Archivo inválido: pages/dependencias/venta.php
#0 C:\xampp\htdocs\almacen\system\View\View.php(198): CodeIgniter\Exceptions\FrameworkException::forInvalidFile('pages/dependenc...')
#1 C:\xampp\htdocs\almacen\system\View\View.php(424): CodeIgniter\View\View->render('pages/dependenc...', NULL, true)
#2 C:\xampp\htdocs\almacen\app\Views\pages\estudiante.php(247): CodeIgniter\View\View->include('pages/dependenc...')
#3 C:\xampp\htdocs\almacen\system\View\View.php(210): include('C:\\xampp\\htdocs...')
#4 C:\xampp\htdocs\almacen\system\View\View.php(213): CodeIgniter\View\View->CodeIgniter\View\{closure}()
#5 C:\xampp\htdocs\almacen\system\View\View.php(424): CodeIgniter\View\View->render('pages/estudiant...', NULL, true)
#6 C:\xampp\htdocs\almacen\app\Views\template\main.php(10): CodeIgniter\View\View->include('pages/estudiant...')
#7 C:\xampp\htdocs\almacen\system\View\View.php(210): include('C:\\xampp\\htdocs...')
#8 C:\xampp\htdocs\almacen\system\View\View.php(213): CodeIgniter\View\View->CodeIgniter\View\{closure}()
#9 C:\xampp\htdocs\almacen\system\Common.php(1089): CodeIgniter\View\View->render('template/main', Array, true)
#10 C:\xampp\htdocs\almacen\app\Controllers\Dash.php(24): view('template/main', Array)
#11 C:\xampp\htdocs\almacen\system\CodeIgniter.php(832): App\Controllers\Dash->index()
#12 C:\xampp\htdocs\almacen\system\CodeIgniter.php(419): CodeIgniter\CodeIgniter->runController(Object(App\Controllers\Dash))
#13 C:\xampp\htdocs\almacen\system\CodeIgniter.php(326): CodeIgniter\CodeIgniter->handleRequest(NULL, Object(Config\Cache), false)
#14 C:\xampp\htdocs\almacen\public\index.php(37): CodeIgniter\CodeIgniter->run()
#15 {main}
