CRITICAL - 2022-06-17 13:04:15 --> Cannot access offset of type string on string
#0 C:\xampp\htdocs\almacen\system\CodeIgniter.php(832): App\Controllers\Entrega->book()
#1 C:\xampp\htdocs\almacen\system\CodeIgniter.php(419): CodeIgniter\CodeIgniter->runController(Object(App\Controllers\Entrega))
#2 C:\xampp\htdocs\almacen\system\CodeIgniter.php(326): CodeIgniter\CodeIgniter->handleRequest(NULL, Object(Config\Cache), false)
#3 C:\xampp\htdocs\almacen\public\index.php(37): CodeIgniter\CodeIgniter->run()
#4 {main}
CRITICAL - 2022-06-17 21:43:45 --> Undefined array key "f"
#0 C:\xampp\htdocs\almacen\app\Controllers\Entrega.php(15): CodeIgniter\Debug\Exceptions->errorHandler(2, 'Undefined array...', 'C:\\xampp\\htdocs...', 15)
#1 C:\xampp\htdocs\almacen\system\CodeIgniter.php(832): App\Controllers\Entrega->list_entrega()
#2 C:\xampp\htdocs\almacen\system\CodeIgniter.php(419): CodeIgniter\CodeIgniter->runController(Object(App\Controllers\Entrega))
#3 C:\xampp\htdocs\almacen\system\CodeIgniter.php(326): CodeIgniter\CodeIgniter->handleRequest(NULL, Object(Config\Cache), false)
#4 C:\xampp\htdocs\almacen\public\index.php(37): CodeIgniter\CodeIgniter->run()
#5 {main}
CRITICAL - 2022-06-17 22:21:51 --> Undefined array key "f"
#0 C:\xampp\htdocs\almacen\app\Controllers\Entrega.php(15): CodeIgniter\Debug\Exceptions->errorHandler(2, 'Undefined array...', 'C:\\xampp\\htdocs...', 15)
#1 C:\xampp\htdocs\almacen\system\CodeIgniter.php(832): App\Controllers\Entrega->list_entrega()
#2 C:\xampp\htdocs\almacen\system\CodeIgniter.php(419): CodeIgniter\CodeIgniter->runController(Object(App\Controllers\Entrega))
#3 C:\xampp\htdocs\almacen\system\CodeIgniter.php(326): CodeIgniter\CodeIgniter->handleRequest(NULL, Object(Config\Cache), false)
#4 C:\xampp\htdocs\almacen\public\index.php(37): CodeIgniter\CodeIgniter->run()
#5 {main}
CRITICAL - 2022-06-17 23:01:49 --> Call to undefined method App\Models\M_book::descontar
#0 C:\xampp\htdocs\almacen\app\Controllers\Entrega.php(60): CodeIgniter\Model->__call('descontar', Array)
#1 C:\xampp\htdocs\almacen\system\CodeIgniter.php(832): App\Controllers\Entrega->save_entrega()
#2 C:\xampp\htdocs\almacen\system\CodeIgniter.php(419): CodeIgniter\CodeIgniter->runController(Object(App\Controllers\Entrega))
#3 C:\xampp\htdocs\almacen\system\CodeIgniter.php(326): CodeIgniter\CodeIgniter->handleRequest(NULL, Object(Config\Cache), false)
#4 C:\xampp\htdocs\almacen\public\index.php(37): CodeIgniter\CodeIgniter->run()
#5 {main}
CRITICAL - 2022-06-17 23:01:51 --> Call to undefined method App\Models\M_book::descontar
#0 C:\xampp\htdocs\almacen\app\Controllers\Entrega.php(60): CodeIgniter\Model->__call('descontar', Array)
#1 C:\xampp\htdocs\almacen\system\CodeIgniter.php(832): App\Controllers\Entrega->save_entrega()
#2 C:\xampp\htdocs\almacen\system\CodeIgniter.php(419): CodeIgniter\CodeIgniter->runController(Object(App\Controllers\Entrega))
#3 C:\xampp\htdocs\almacen\system\CodeIgniter.php(326): CodeIgniter\CodeIgniter->handleRequest(NULL, Object(Config\Cache), false)
#4 C:\xampp\htdocs\almacen\public\index.php(37): CodeIgniter\CodeIgniter->run()
#5 {main}
CRITICAL - 2022-06-17 23:02:03 --> Call to undefined method App\Models\M_book::descontar
#0 C:\xampp\htdocs\almacen\app\Controllers\Entrega.php(60): CodeIgniter\Model->__call('descontar', Array)
#1 C:\xampp\htdocs\almacen\system\CodeIgniter.php(832): App\Controllers\Entrega->save_entrega()
#2 C:\xampp\htdocs\almacen\system\CodeIgniter.php(419): CodeIgniter\CodeIgniter->runController(Object(App\Controllers\Entrega))
#3 C:\xampp\htdocs\almacen\system\CodeIgniter.php(326): CodeIgniter\CodeIgniter->handleRequest(NULL, Object(Config\Cache), false)
#4 C:\xampp\htdocs\almacen\public\index.php(37): CodeIgniter\CodeIgniter->run()
#5 {main}
CRITICAL - 2022-06-17 23:02:13 --> Call to undefined method App\Models\M_book::descontar
#0 C:\xampp\htdocs\almacen\app\Controllers\Entrega.php(60): CodeIgniter\Model->__call('descontar', Array)
#1 C:\xampp\htdocs\almacen\system\CodeIgniter.php(832): App\Controllers\Entrega->save_entrega()
#2 C:\xampp\htdocs\almacen\system\CodeIgniter.php(419): CodeIgniter\CodeIgniter->runController(Object(App\Controllers\Entrega))
#3 C:\xampp\htdocs\almacen\system\CodeIgniter.php(326): CodeIgniter\CodeIgniter->handleRequest(NULL, Object(Config\Cache), false)
#4 C:\xampp\htdocs\almacen\public\index.php(37): CodeIgniter\CodeIgniter->run()
#5 {main}
CRITICAL - 2022-06-17 23:02:15 --> Call to undefined method App\Models\M_book::descontar
#0 C:\xampp\htdocs\almacen\app\Controllers\Entrega.php(60): CodeIgniter\Model->__call('descontar', Array)
#1 C:\xampp\htdocs\almacen\system\CodeIgniter.php(832): App\Controllers\Entrega->save_entrega()
#2 C:\xampp\htdocs\almacen\system\CodeIgniter.php(419): CodeIgniter\CodeIgniter->runController(Object(App\Controllers\Entrega))
#3 C:\xampp\htdocs\almacen\system\CodeIgniter.php(326): CodeIgniter\CodeIgniter->handleRequest(NULL, Object(Config\Cache), false)
#4 C:\xampp\htdocs\almacen\public\index.php(37): CodeIgniter\CodeIgniter->run()
#5 {main}
CRITICAL - 2022-06-17 23:02:15 --> Call to undefined method App\Models\M_book::descontar
#0 C:\xampp\htdocs\almacen\app\Controllers\Entrega.php(60): CodeIgniter\Model->__call('descontar', Array)
#1 C:\xampp\htdocs\almacen\system\CodeIgniter.php(832): App\Controllers\Entrega->save_entrega()
#2 C:\xampp\htdocs\almacen\system\CodeIgniter.php(419): CodeIgniter\CodeIgniter->runController(Object(App\Controllers\Entrega))
#3 C:\xampp\htdocs\almacen\system\CodeIgniter.php(326): CodeIgniter\CodeIgniter->handleRequest(NULL, Object(Config\Cache), false)
#4 C:\xampp\htdocs\almacen\public\index.php(37): CodeIgniter\CodeIgniter->run()
#5 {main}
CRITICAL - 2022-06-17 23:03:08 --> Call to undefined method App\Models\M_book::descontar
#0 C:\xampp\htdocs\almacen\app\Controllers\Entrega.php(60): CodeIgniter\Model->__call('descontar', Array)
#1 C:\xampp\htdocs\almacen\system\CodeIgniter.php(832): App\Controllers\Entrega->save_entrega()
#2 C:\xampp\htdocs\almacen\system\CodeIgniter.php(419): CodeIgniter\CodeIgniter->runController(Object(App\Controllers\Entrega))
#3 C:\xampp\htdocs\almacen\system\CodeIgniter.php(326): CodeIgniter\CodeIgniter->handleRequest(NULL, Object(Config\Cache), false)
#4 C:\xampp\htdocs\almacen\public\index.php(37): CodeIgniter\CodeIgniter->run()
#5 {main}
ERROR - 2022-06-17 23:12:55 --> Table 'db_almacen.tb_year_academico' doesn't exist
CRITICAL - 2022-06-17 23:12:55 --> Call to a member function getResult() on bool
#0 C:\xampp\htdocs\almacen\system\BaseModel.php(584): CodeIgniter\Model->doFindAll(0, 0)
#1 C:\xampp\htdocs\almacen\app\Controllers\Dash.php(22): CodeIgniter\BaseModel->findAll()
#2 C:\xampp\htdocs\almacen\system\CodeIgniter.php(832): App\Controllers\Dash->index()
#3 C:\xampp\htdocs\almacen\system\CodeIgniter.php(419): CodeIgniter\CodeIgniter->runController(Object(App\Controllers\Dash))
#4 C:\xampp\htdocs\almacen\system\CodeIgniter.php(326): CodeIgniter\CodeIgniter->handleRequest(NULL, Object(Config\Cache), false)
#5 C:\xampp\htdocs\almacen\public\index.php(37): CodeIgniter\CodeIgniter->run()
#6 {main}
ERROR - 2022-06-17 23:13:05 --> Table 'db_almacen.tb_year_academico' doesn't exist
CRITICAL - 2022-06-17 23:13:05 --> Call to a member function getResult() on bool
#0 C:\xampp\htdocs\almacen\system\BaseModel.php(584): CodeIgniter\Model->doFindAll(0, 0)
#1 C:\xampp\htdocs\almacen\app\Controllers\Dash.php(22): CodeIgniter\BaseModel->findAll()
#2 C:\xampp\htdocs\almacen\system\CodeIgniter.php(832): App\Controllers\Dash->index()
#3 C:\xampp\htdocs\almacen\system\CodeIgniter.php(419): CodeIgniter\CodeIgniter->runController(Object(App\Controllers\Dash))
#4 C:\xampp\htdocs\almacen\system\CodeIgniter.php(326): CodeIgniter\CodeIgniter->handleRequest(NULL, Object(Config\Cache), false)
#5 C:\xampp\htdocs\almacen\public\index.php(37): CodeIgniter\CodeIgniter->run()
#6 {main}
ERROR - 2022-06-17 23:14:04 --> Unknown column 'status' in 'where clause'
CRITICAL - 2022-06-17 23:14:04 --> Call to a member function getNumRows() on bool
#0 C:\xampp\htdocs\almacen\system\CodeIgniter.php(832): App\Controllers\Entrega->save_entrega()
#1 C:\xampp\htdocs\almacen\system\CodeIgniter.php(419): CodeIgniter\CodeIgniter->runController(Object(App\Controllers\Entrega))
#2 C:\xampp\htdocs\almacen\system\CodeIgniter.php(326): CodeIgniter\CodeIgniter->handleRequest(NULL, Object(Config\Cache), false)
#3 C:\xampp\htdocs\almacen\public\index.php(37): CodeIgniter\CodeIgniter->run()
#4 {main}
ERROR - 2022-06-17 23:14:06 --> Unknown column 'status' in 'where clause'
CRITICAL - 2022-06-17 23:14:06 --> Call to a member function getNumRows() on bool
#0 C:\xampp\htdocs\almacen\system\CodeIgniter.php(832): App\Controllers\Entrega->save_entrega()
#1 C:\xampp\htdocs\almacen\system\CodeIgniter.php(419): CodeIgniter\CodeIgniter->runController(Object(App\Controllers\Entrega))
#2 C:\xampp\htdocs\almacen\system\CodeIgniter.php(326): CodeIgniter\CodeIgniter->handleRequest(NULL, Object(Config\Cache), false)
#3 C:\xampp\htdocs\almacen\public\index.php(37): CodeIgniter\CodeIgniter->run()
#4 {main}
